[2026-01-13T09:20:35.028+0000] {local_task_job_runner.py:120} INFO - ::group::Pre task execution logs
[2026-01-13T09:20:35.038+0000] {taskinstance.py:2076} INFO - Dependencies all met for dep_context=non-requeueable deps ti=<TaskInstance: SCD2_snapshots.dbt_snapshot manual__2026-01-13T09:09:20.658130+00:00 [queued]>
[2026-01-13T09:20:35.042+0000] {taskinstance.py:2076} INFO - Dependencies all met for dep_context=requeueable deps ti=<TaskInstance: SCD2_snapshots.dbt_snapshot manual__2026-01-13T09:09:20.658130+00:00 [queued]>
[2026-01-13T09:20:35.042+0000] {taskinstance.py:2306} INFO - Starting attempt 2 of 2
[2026-01-13T09:20:35.046+0000] {taskinstance.py:2330} INFO - Executing <Task(BashOperator): dbt_snapshot> on 2026-01-13 09:09:20.658130+00:00
[2026-01-13T09:20:35.048+0000] {standard_task_runner.py:64} INFO - Started process 26254 to run task
[2026-01-13T09:20:35.049+0000] {standard_task_runner.py:90} INFO - Running: ['***', 'tasks', 'run', 'SCD2_snapshots', 'dbt_snapshot', 'manual__2026-01-13T09:09:20.658130+00:00', '--job-id', '230', '--raw', '--subdir', 'DAGS_FOLDER/scd_snapshot.py', '--cfg-path', '/tmp/tmp60t9_dxz']
[2026-01-13T09:20:35.050+0000] {standard_task_runner.py:91} INFO - Job 230: Subtask dbt_snapshot
[2026-01-13T09:20:35.069+0000] {task_command.py:426} INFO - Running <TaskInstance: SCD2_snapshots.dbt_snapshot manual__2026-01-13T09:09:20.658130+00:00 [running]> on host 59a9472814dd
[2026-01-13T09:20:35.098+0000] {taskinstance.py:2648} INFO - Exporting env vars: AIRFLOW_CTX_DAG_OWNER='***' AIRFLOW_CTX_DAG_ID='SCD2_snapshots' AIRFLOW_CTX_TASK_ID='dbt_snapshot' AIRFLOW_CTX_EXECUTION_DATE='2026-01-13T09:09:20.658130+00:00' AIRFLOW_CTX_TRY_NUMBER='2' AIRFLOW_CTX_DAG_RUN_ID='manual__2026-01-13T09:09:20.658130+00:00'
[2026-01-13T09:20:35.098+0000] {taskinstance.py:430} INFO - ::endgroup::
[2026-01-13T09:20:35.104+0000] {subprocess.py:63} INFO - Tmp dir root location: /tmp
[2026-01-13T09:20:35.104+0000] {subprocess.py:75} INFO - Running command: ['/usr/bin/bash', '-c', "source '/Users/iantristancultura/Documents/Data Engineer/Kafka-DBT-SnowFlake-Airflow/.venv/bin/activate' && cd '/Users/iantristancultura/Documents/Data Engineer/Kafka-DBT-SnowFlake-Airflow/ian_dbt' && dbt snapshot --profiles-dir '/Users/iantristancultura/.dbt'"]
[2026-01-13T09:20:35.107+0000] {subprocess.py:86} INFO - Output:
[2026-01-13T09:20:35.108+0000] {subprocess.py:93} INFO - /usr/bin/bash: line 1: /Users/iantristancultura/Documents/Data Engineer/Kafka-DBT-SnowFlake-Airflow/.venv/bin/activate: No such file or directory
[2026-01-13T09:20:35.108+0000] {subprocess.py:97} INFO - Command exited with return code 1
[2026-01-13T09:20:35.108+0000] {taskinstance.py:441} INFO - ::group::Post task execution logs
[2026-01-13T09:20:35.113+0000] {taskinstance.py:2905} ERROR - Task failed with exception
Traceback (most recent call last):
  File "/home/airflow/.local/lib/python3.11/site-packages/airflow/models/taskinstance.py", line 465, in _execute_task
    result = _execute_callable(context=context, **execute_callable_kwargs)
             ^^^^^^^^^^^^^^^^^^^^^^^^^^^^^^^^^^^^^^^^^^^^^^^^^^^^^^^^^^^^^
  File "/home/airflow/.local/lib/python3.11/site-packages/airflow/models/taskinstance.py", line 432, in _execute_callable
    return execute_callable(context=context, **execute_callable_kwargs)
           ^^^^^^^^^^^^^^^^^^^^^^^^^^^^^^^^^^^^^^^^^^^^^^^^^^^^^^^^^^^^
  File "/home/airflow/.local/lib/python3.11/site-packages/airflow/models/baseoperator.py", line 401, in wrapper
    return func(self, *args, **kwargs)
           ^^^^^^^^^^^^^^^^^^^^^^^^^^^
  File "/home/airflow/.local/lib/python3.11/site-packages/airflow/operators/bash.py", line 243, in execute
    raise AirflowException(
airflow.exceptions.AirflowException: Bash command failed. The command returned a non-zero exit code 1.
[2026-01-13T09:20:35.115+0000] {taskinstance.py:1206} INFO - Marking task as FAILED. dag_id=SCD2_snapshots, task_id=dbt_snapshot, run_id=manual__2026-01-13T09:09:20.658130+00:00, execution_date=20260113T090920, start_date=20260113T092035, end_date=20260113T092035
[2026-01-13T09:20:35.119+0000] {standard_task_runner.py:110} ERROR - Failed to execute job 230 for task dbt_snapshot (Bash command failed. The command returned a non-zero exit code 1.; 26254)
[2026-01-13T09:20:35.148+0000] {local_task_job_runner.py:243} INFO - Task exited with return code 1
[2026-01-13T09:20:35.158+0000] {taskinstance.py:3503} INFO - 0 downstream tasks scheduled from follow-on schedule check
[2026-01-13T09:20:35.159+0000] {local_task_job_runner.py:222} INFO - ::endgroup::
