[2026-01-13T08:55:50.856+0000] {local_task_job_runner.py:120} INFO - ::group::Pre task execution logs
[2026-01-13T08:55:50.868+0000] {taskinstance.py:2076} INFO - Dependencies all met for dep_context=non-requeueable deps ti=<TaskInstance: minio_to_snowflake_banking.load_snowflake scheduled__2026-01-13T08:50:00+00:00 [queued]>
[2026-01-13T08:55:50.871+0000] {taskinstance.py:2076} INFO - Dependencies all met for dep_context=requeueable deps ti=<TaskInstance: minio_to_snowflake_banking.load_snowflake scheduled__2026-01-13T08:50:00+00:00 [queued]>
[2026-01-13T08:55:50.871+0000] {taskinstance.py:2306} INFO - Starting attempt 1 of 2
[2026-01-13T08:55:50.875+0000] {taskinstance.py:2330} INFO - Executing <Task(PythonOperator): load_snowflake> on 2026-01-13 08:50:00+00:00
[2026-01-13T08:55:50.878+0000] {standard_task_runner.py:64} INFO - Started process 91490 to run task
[2026-01-13T08:55:50.880+0000] {standard_task_runner.py:90} INFO - Running: ['***', 'tasks', 'run', 'minio_to_snowflake_banking', 'load_snowflake', 'scheduled__2026-01-13T08:50:00+00:00', '--job-id', '210', '--raw', '--subdir', 'DAGS_FOLDER/miniotoSnowflake.py', '--cfg-path', '/tmp/tmpnjjo3l4s']
[2026-01-13T08:55:50.881+0000] {standard_task_runner.py:91} INFO - Job 210: Subtask load_snowflake
[2026-01-13T08:55:50.905+0000] {task_command.py:426} INFO - Running <TaskInstance: minio_to_snowflake_banking.load_snowflake scheduled__2026-01-13T08:50:00+00:00 [running]> on host 59a9472814dd
[2026-01-13T08:55:50.944+0000] {taskinstance.py:2648} INFO - Exporting env vars: AIRFLOW_CTX_DAG_OWNER='***' AIRFLOW_CTX_DAG_ID='minio_to_snowflake_banking' AIRFLOW_CTX_TASK_ID='load_snowflake' AIRFLOW_CTX_EXECUTION_DATE='2026-01-13T08:50:00+00:00' AIRFLOW_CTX_TRY_NUMBER='1' AIRFLOW_CTX_DAG_RUN_ID='scheduled__2026-01-13T08:50:00+00:00'
[2026-01-13T08:55:50.945+0000] {taskinstance.py:430} INFO - ::endgroup::
[2026-01-13T08:55:50.956+0000] {connection.py:611} INFO - Snowflake Connector for Python Version: 4.2.0, Python Version: 3.11.9, Platform: Linux-6.12.54-linuxkit-aarch64-with-glibc2.36
[2026-01-13T08:55:50.956+0000] {connection.py:1695} INFO - Connecting to GLOBAL Snowflake domain
[2026-01-13T08:55:51.636+0000] {logging_mixin.py:188} INFO - Uploaded /tmp/minio_downloads/customers_181018205046.parquet -> @customers stage
[2026-01-13T08:55:51.760+0000] {logging_mixin.py:188} INFO - Uploaded /tmp/minio_downloads/customers_181047938005.parquet -> @customers stage
[2026-01-13T08:55:51.886+0000] {logging_mixin.py:188} INFO - Uploaded /tmp/minio_downloads/customers_181238677337.parquet -> @customers stage
[2026-01-13T08:55:52.052+0000] {logging_mixin.py:188} INFO - Uploaded /tmp/minio_downloads/customers_181238691057.parquet -> @customers stage
[2026-01-13T08:55:52.179+0000] {logging_mixin.py:188} INFO - Uploaded /tmp/minio_downloads/customers_181238701090.parquet -> @customers stage
[2026-01-13T08:55:52.319+0000] {logging_mixin.py:188} INFO - Uploaded /tmp/minio_downloads/customers_181238708415.parquet -> @customers stage
[2026-01-13T08:55:52.447+0000] {logging_mixin.py:188} INFO - Uploaded /tmp/minio_downloads/customers_181238716114.parquet -> @customers stage
[2026-01-13T08:55:52.582+0000] {logging_mixin.py:188} INFO - Uploaded /tmp/minio_downloads/customers_181239137995.parquet -> @customers stage
[2026-01-13T08:55:52.706+0000] {logging_mixin.py:188} INFO - Uploaded /tmp/minio_downloads/customers_181239143398.parquet -> @customers stage
[2026-01-13T08:55:52.836+0000] {logging_mixin.py:188} INFO - Uploaded /tmp/minio_downloads/customers_181239148836.parquet -> @customers stage
[2026-01-13T08:55:53.066+0000] {logging_mixin.py:188} INFO - Uploaded /tmp/minio_downloads/customers_181239154447.parquet -> @customers stage
[2026-01-13T08:55:53.271+0000] {logging_mixin.py:188} INFO - Uploaded /tmp/minio_downloads/customers_181239159829.parquet -> @customers stage
[2026-01-13T08:55:53.380+0000] {logging_mixin.py:188} INFO - Uploaded /tmp/minio_downloads/customers_181240706699.parquet -> @customers stage
[2026-01-13T08:55:53.503+0000] {logging_mixin.py:188} INFO - Uploaded /tmp/minio_downloads/customers_181240721667.parquet -> @customers stage
[2026-01-13T08:55:53.630+0000] {logging_mixin.py:188} INFO - Uploaded /tmp/minio_downloads/customers_181240731920.parquet -> @customers stage
[2026-01-13T08:55:53.747+0000] {logging_mixin.py:188} INFO - Uploaded /tmp/minio_downloads/customers_181240738844.parquet -> @customers stage
[2026-01-13T08:55:53.859+0000] {logging_mixin.py:188} INFO - Uploaded /tmp/minio_downloads/customers_181240746921.parquet -> @customers stage
[2026-01-13T08:55:53.977+0000] {logging_mixin.py:188} INFO - Uploaded /tmp/minio_downloads/customers_181241187495.parquet -> @customers stage
[2026-01-13T08:55:54.099+0000] {logging_mixin.py:188} INFO - Uploaded /tmp/minio_downloads/customers_181241193067.parquet -> @customers stage
[2026-01-13T08:55:54.241+0000] {logging_mixin.py:188} INFO - Uploaded /tmp/minio_downloads/customers_181241198348.parquet -> @customers stage
[2026-01-13T08:55:54.382+0000] {logging_mixin.py:188} INFO - Uploaded /tmp/minio_downloads/customers_181241203826.parquet -> @customers stage
[2026-01-13T08:55:54.512+0000] {logging_mixin.py:188} INFO - Uploaded /tmp/minio_downloads/customers_181241208570.parquet -> @customers stage
[2026-01-13T08:55:54.675+0000] {logging_mixin.py:188} INFO - Uploaded /tmp/minio_downloads/customers_181242724931.parquet -> @customers stage
[2026-01-13T08:55:54.816+0000] {logging_mixin.py:188} INFO - Uploaded /tmp/minio_downloads/customers_181242739313.parquet -> @customers stage
[2026-01-13T08:55:54.961+0000] {logging_mixin.py:188} INFO - Uploaded /tmp/minio_downloads/customers_181242746862.parquet -> @customers stage
[2026-01-13T08:55:55.093+0000] {logging_mixin.py:188} INFO - Uploaded /tmp/minio_downloads/customers_181242753432.parquet -> @customers stage
[2026-01-13T08:55:55.224+0000] {logging_mixin.py:188} INFO - Uploaded /tmp/minio_downloads/customers_181242759581.parquet -> @customers stage
[2026-01-13T08:55:55.373+0000] {logging_mixin.py:188} INFO - Uploaded /tmp/minio_downloads/customers_181243177244.parquet -> @customers stage
[2026-01-13T08:55:55.501+0000] {logging_mixin.py:188} INFO - Uploaded /tmp/minio_downloads/customers_181243182373.parquet -> @customers stage
[2026-01-13T08:55:55.626+0000] {logging_mixin.py:188} INFO - Uploaded /tmp/minio_downloads/customers_181243187145.parquet -> @customers stage
[2026-01-13T08:55:55.760+0000] {logging_mixin.py:188} INFO - Uploaded /tmp/minio_downloads/customers_181243193890.parquet -> @customers stage
[2026-01-13T08:55:55.954+0000] {logging_mixin.py:188} INFO - Uploaded /tmp/minio_downloads/customers_181243199368.parquet -> @customers stage
[2026-01-13T08:55:56.116+0000] {logging_mixin.py:188} INFO - Uploaded /tmp/minio_downloads/customers_181244747610.parquet -> @customers stage
[2026-01-13T08:55:56.728+0000] {logging_mixin.py:188} INFO - Uploaded /tmp/minio_downloads/customers_181244757169.parquet -> @customers stage
[2026-01-13T08:55:56.881+0000] {logging_mixin.py:188} INFO - Uploaded /tmp/minio_downloads/customers_181244767055.parquet -> @customers stage
[2026-01-13T08:55:57.008+0000] {logging_mixin.py:188} INFO - Uploaded /tmp/minio_downloads/customers_181244773365.parquet -> @customers stage
[2026-01-13T08:55:57.150+0000] {logging_mixin.py:188} INFO - Uploaded /tmp/minio_downloads/customers_181244780630.parquet -> @customers stage
[2026-01-13T08:55:57.318+0000] {logging_mixin.py:188} INFO - Uploaded /tmp/minio_downloads/customers_181245197159.parquet -> @customers stage
[2026-01-13T08:55:57.446+0000] {logging_mixin.py:188} INFO - Uploaded /tmp/minio_downloads/customers_181245202338.parquet -> @customers stage
[2026-01-13T08:55:57.572+0000] {logging_mixin.py:188} INFO - Uploaded /tmp/minio_downloads/customers_181245209337.parquet -> @customers stage
[2026-01-13T08:55:57.707+0000] {logging_mixin.py:188} INFO - Uploaded /tmp/minio_downloads/customers_181245215098.parquet -> @customers stage
[2026-01-13T08:55:57.826+0000] {logging_mixin.py:188} INFO - Uploaded /tmp/minio_downloads/customers_181245220117.parquet -> @customers stage
[2026-01-13T08:55:57.956+0000] {logging_mixin.py:188} INFO - Uploaded /tmp/minio_downloads/customers_181246771160.parquet -> @customers stage
[2026-01-13T08:55:58.093+0000] {logging_mixin.py:188} INFO - Uploaded /tmp/minio_downloads/customers_181246786727.parquet -> @customers stage
[2026-01-13T08:55:58.240+0000] {logging_mixin.py:188} INFO - Uploaded /tmp/minio_downloads/customers_181246796305.parquet -> @customers stage
[2026-01-13T08:55:58.380+0000] {logging_mixin.py:188} INFO - Uploaded /tmp/minio_downloads/customers_181246803097.parquet -> @customers stage
[2026-01-13T08:55:58.550+0000] {logging_mixin.py:188} INFO - Uploaded /tmp/minio_downloads/customers_181246811775.parquet -> @customers stage
[2026-01-13T08:55:58.682+0000] {logging_mixin.py:188} INFO - Uploaded /tmp/minio_downloads/customers_181246885945.parquet -> @customers stage
[2026-01-13T08:55:58.807+0000] {logging_mixin.py:188} INFO - Uploaded /tmp/minio_downloads/customers_181246892537.parquet -> @customers stage
[2026-01-13T08:55:58.950+0000] {logging_mixin.py:188} INFO - Uploaded /tmp/minio_downloads/customers_181246897929.parquet -> @customers stage
[2026-01-13T08:55:59.089+0000] {logging_mixin.py:188} INFO - Uploaded /tmp/minio_downloads/customers_181246903185.parquet -> @customers stage
[2026-01-13T08:55:59.203+0000] {logging_mixin.py:188} INFO - Uploaded /tmp/minio_downloads/customers_181246908678.parquet -> @customers stage
[2026-01-13T08:55:59.317+0000] {logging_mixin.py:188} INFO - Uploaded /tmp/minio_downloads/customers_181412853777.parquet -> @customers stage
[2026-01-13T08:55:59.432+0000] {logging_mixin.py:188} INFO - Uploaded /tmp/minio_downloads/customers_181412859073.parquet -> @customers stage
[2026-01-13T08:55:59.549+0000] {logging_mixin.py:188} INFO - Uploaded /tmp/minio_downloads/customers_181412864483.parquet -> @customers stage
[2026-01-13T08:55:59.672+0000] {logging_mixin.py:188} INFO - Uploaded /tmp/minio_downloads/customers_181412869767.parquet -> @customers stage
[2026-01-13T08:55:59.791+0000] {logging_mixin.py:188} INFO - Uploaded /tmp/minio_downloads/customers_181412875476.parquet -> @customers stage
[2026-01-13T08:55:59.917+0000] {logging_mixin.py:188} INFO - Uploaded /tmp/minio_downloads/customers_181412880573.parquet -> @customers stage
[2026-01-13T08:56:00.050+0000] {logging_mixin.py:188} INFO - Uploaded /tmp/minio_downloads/customers_181412886733.parquet -> @customers stage
[2026-01-13T08:56:00.175+0000] {logging_mixin.py:188} INFO - Uploaded /tmp/minio_downloads/customers_181412892111.parquet -> @customers stage
[2026-01-13T08:56:00.324+0000] {logging_mixin.py:188} INFO - Uploaded /tmp/minio_downloads/customers_181412897570.parquet -> @customers stage
[2026-01-13T08:56:00.454+0000] {logging_mixin.py:188} INFO - Uploaded /tmp/minio_downloads/customers_181413237508.parquet -> @customers stage
[2026-01-13T08:56:00.589+0000] {logging_mixin.py:188} INFO - Uploaded /tmp/minio_downloads/customers_181414838011.parquet -> @customers stage
[2026-01-13T08:56:00.745+0000] {logging_mixin.py:188} INFO - Uploaded /tmp/minio_downloads/customers_181414850572.parquet -> @customers stage
[2026-01-13T08:56:00.933+0000] {logging_mixin.py:188} INFO - Uploaded /tmp/minio_downloads/customers_181414860863.parquet -> @customers stage
[2026-01-13T08:56:01.097+0000] {logging_mixin.py:188} INFO - Uploaded /tmp/minio_downloads/customers_181414867939.parquet -> @customers stage
[2026-01-13T08:56:01.262+0000] {logging_mixin.py:188} INFO - Uploaded /tmp/minio_downloads/customers_181414874458.parquet -> @customers stage
[2026-01-13T08:56:01.432+0000] {logging_mixin.py:188} INFO - Uploaded /tmp/minio_downloads/customers_181415239041.parquet -> @customers stage
[2026-01-13T08:56:01.560+0000] {logging_mixin.py:188} INFO - Uploaded /tmp/minio_downloads/customers_181415244699.parquet -> @customers stage
[2026-01-13T08:56:01.717+0000] {logging_mixin.py:188} INFO - Uploaded /tmp/minio_downloads/customers_181415250542.parquet -> @customers stage
[2026-01-13T08:56:01.836+0000] {logging_mixin.py:188} INFO - Uploaded /tmp/minio_downloads/customers_181415258374.parquet -> @customers stage
[2026-01-13T08:56:01.960+0000] {logging_mixin.py:188} INFO - Uploaded /tmp/minio_downloads/customers_181415263584.parquet -> @customers stage
[2026-01-13T08:56:02.087+0000] {logging_mixin.py:188} INFO - Uploaded /tmp/minio_downloads/customers_181416846349.parquet -> @customers stage
[2026-01-13T08:56:02.261+0000] {logging_mixin.py:188} INFO - Uploaded /tmp/minio_downloads/customers_181416860781.parquet -> @customers stage
[2026-01-13T08:56:02.385+0000] {logging_mixin.py:188} INFO - Uploaded /tmp/minio_downloads/customers_181416870998.parquet -> @customers stage
[2026-01-13T08:56:02.515+0000] {logging_mixin.py:188} INFO - Uploaded /tmp/minio_downloads/customers_181416878409.parquet -> @customers stage
[2026-01-13T08:56:02.639+0000] {logging_mixin.py:188} INFO - Uploaded /tmp/minio_downloads/customers_181417361720.parquet -> @customers stage
[2026-01-13T08:56:02.814+0000] {logging_mixin.py:188} INFO - Uploaded /tmp/minio_downloads/customers_181417366977.parquet -> @customers stage
[2026-01-13T08:56:02.960+0000] {logging_mixin.py:188} INFO - Uploaded /tmp/minio_downloads/customers_181417372233.parquet -> @customers stage
[2026-01-13T08:56:03.103+0000] {logging_mixin.py:188} INFO - Uploaded /tmp/minio_downloads/customers_181417377611.parquet -> @customers stage
[2026-01-13T08:56:03.227+0000] {logging_mixin.py:188} INFO - Uploaded /tmp/minio_downloads/customers_181417382943.parquet -> @customers stage
[2026-01-13T08:56:03.349+0000] {logging_mixin.py:188} INFO - Uploaded /tmp/minio_downloads/customers_181417404078.parquet -> @customers stage
[2026-01-13T08:56:03.493+0000] {logging_mixin.py:188} INFO - Uploaded /tmp/minio_downloads/customers_181418860124.parquet -> @customers stage
[2026-01-13T08:56:03.623+0000] {logging_mixin.py:188} INFO - Uploaded /tmp/minio_downloads/customers_181418875002.parquet -> @customers stage
[2026-01-13T08:56:03.732+0000] {logging_mixin.py:188} INFO - Uploaded /tmp/minio_downloads/customers_181418885568.parquet -> @customers stage
[2026-01-13T08:56:03.846+0000] {logging_mixin.py:188} INFO - Uploaded /tmp/minio_downloads/customers_181418892563.parquet -> @customers stage
[2026-01-13T08:56:04.361+0000] {logging_mixin.py:188} INFO - Uploaded /tmp/minio_downloads/customers_181418899400.parquet -> @customers stage
[2026-01-13T08:56:04.502+0000] {logging_mixin.py:188} INFO - Uploaded /tmp/minio_downloads/customers_181419307094.parquet -> @customers stage
[2026-01-13T08:56:04.627+0000] {logging_mixin.py:188} INFO - Uploaded /tmp/minio_downloads/customers_181419312276.parquet -> @customers stage
[2026-01-13T08:56:04.740+0000] {logging_mixin.py:188} INFO - Uploaded /tmp/minio_downloads/customers_181419316846.parquet -> @customers stage
[2026-01-13T08:56:04.864+0000] {logging_mixin.py:188} INFO - Uploaded /tmp/minio_downloads/customers_181419321694.parquet -> @customers stage
[2026-01-13T08:56:04.976+0000] {logging_mixin.py:188} INFO - Uploaded /tmp/minio_downloads/customers_181419326889.parquet -> @customers stage
[2026-01-13T08:56:05.097+0000] {logging_mixin.py:188} INFO - Uploaded /tmp/minio_downloads/customers_181420876261.parquet -> @customers stage
[2026-01-13T08:56:05.235+0000] {logging_mixin.py:188} INFO - Uploaded /tmp/minio_downloads/customers_181420898321.parquet -> @customers stage
[2026-01-13T08:56:05.356+0000] {logging_mixin.py:188} INFO - Uploaded /tmp/minio_downloads/customers_181420907212.parquet -> @customers stage
[2026-01-13T08:56:05.481+0000] {logging_mixin.py:188} INFO - Uploaded /tmp/minio_downloads/customers_181420914928.parquet -> @customers stage
[2026-01-13T08:56:05.602+0000] {logging_mixin.py:188} INFO - Uploaded /tmp/minio_downloads/customers_181420921709.parquet -> @customers stage
[2026-01-13T08:56:05.760+0000] {logging_mixin.py:188} INFO - Uploaded /tmp/minio_downloads/customers_181421436053.parquet -> @customers stage
[2026-01-13T08:56:05.871+0000] {logging_mixin.py:188} INFO - Uploaded /tmp/minio_downloads/customers_181421444576.parquet -> @customers stage
[2026-01-13T08:56:05.997+0000] {logging_mixin.py:188} INFO - Uploaded /tmp/minio_downloads/customers_181421452759.parquet -> @customers stage
[2026-01-13T08:56:06.509+0000] {logging_mixin.py:188} INFO - Uploaded /tmp/minio_downloads/customers_181421463288.parquet -> @customers stage
[2026-01-13T08:56:06.653+0000] {logging_mixin.py:188} INFO - Uploaded /tmp/minio_downloads/customers_181421470770.parquet -> @customers stage
[2026-01-13T08:56:06.773+0000] {logging_mixin.py:188} INFO - Uploaded /tmp/minio_downloads/customers_181422889151.parquet -> @customers stage
[2026-01-13T08:56:06.889+0000] {logging_mixin.py:188} INFO - Uploaded /tmp/minio_downloads/customers_181422903896.parquet -> @customers stage
[2026-01-13T08:56:07.016+0000] {logging_mixin.py:188} INFO - Uploaded /tmp/minio_downloads/customers_181422913656.parquet -> @customers stage
[2026-01-13T08:56:07.144+0000] {logging_mixin.py:188} INFO - Uploaded /tmp/minio_downloads/customers_181422920850.parquet -> @customers stage
[2026-01-13T08:56:07.273+0000] {logging_mixin.py:188} INFO - Uploaded /tmp/minio_downloads/customers_181422927282.parquet -> @customers stage
[2026-01-13T08:56:07.398+0000] {logging_mixin.py:188} INFO - Uploaded /tmp/minio_downloads/customers_181423366001.parquet -> @customers stage
[2026-01-13T08:56:07.524+0000] {logging_mixin.py:188} INFO - Uploaded /tmp/minio_downloads/customers_181423370761.parquet -> @customers stage
[2026-01-13T08:56:07.648+0000] {logging_mixin.py:188} INFO - Uploaded /tmp/minio_downloads/customers_181423375835.parquet -> @customers stage
[2026-01-13T08:56:07.772+0000] {logging_mixin.py:188} INFO - Uploaded /tmp/minio_downloads/customers_181423380871.parquet -> @customers stage
[2026-01-13T08:56:07.912+0000] {logging_mixin.py:188} INFO - Uploaded /tmp/minio_downloads/customers_181423385768.parquet -> @customers stage
[2026-01-13T08:56:08.032+0000] {logging_mixin.py:188} INFO - Uploaded /tmp/minio_downloads/customers_181424925110.parquet -> @customers stage
[2026-01-13T08:56:08.154+0000] {logging_mixin.py:188} INFO - Uploaded /tmp/minio_downloads/customers_181424938409.parquet -> @customers stage
[2026-01-13T08:56:08.290+0000] {logging_mixin.py:188} INFO - Uploaded /tmp/minio_downloads/customers_181424948649.parquet -> @customers stage
[2026-01-13T08:56:08.415+0000] {logging_mixin.py:188} INFO - Uploaded /tmp/minio_downloads/customers_181424955558.parquet -> @customers stage
[2026-01-13T08:56:08.539+0000] {logging_mixin.py:188} INFO - Uploaded /tmp/minio_downloads/customers_181424964860.parquet -> @customers stage
[2026-01-13T08:56:08.672+0000] {logging_mixin.py:188} INFO - Uploaded /tmp/minio_downloads/customers_181425451334.parquet -> @customers stage
[2026-01-13T08:56:08.797+0000] {logging_mixin.py:188} INFO - Uploaded /tmp/minio_downloads/customers_181425456828.parquet -> @customers stage
[2026-01-13T08:56:08.924+0000] {logging_mixin.py:188} INFO - Uploaded /tmp/minio_downloads/customers_181425462198.parquet -> @customers stage
[2026-01-13T08:56:09.052+0000] {logging_mixin.py:188} INFO - Uploaded /tmp/minio_downloads/customers_181425467753.parquet -> @customers stage
[2026-01-13T08:56:09.178+0000] {logging_mixin.py:188} INFO - Uploaded /tmp/minio_downloads/customers_181425473063.parquet -> @customers stage
[2026-01-13T08:56:09.299+0000] {logging_mixin.py:188} INFO - Uploaded /tmp/minio_downloads/customers_181426934903.parquet -> @customers stage
[2026-01-13T08:56:09.427+0000] {logging_mixin.py:188} INFO - Uploaded /tmp/minio_downloads/customers_181426950031.parquet -> @customers stage
[2026-01-13T08:56:09.550+0000] {logging_mixin.py:188} INFO - Uploaded /tmp/minio_downloads/customers_181426958441.parquet -> @customers stage
[2026-01-13T08:56:09.667+0000] {logging_mixin.py:188} INFO - Uploaded /tmp/minio_downloads/customers_181426966004.parquet -> @customers stage
[2026-01-13T08:56:09.790+0000] {logging_mixin.py:188} INFO - Uploaded /tmp/minio_downloads/customers_181426973529.parquet -> @customers stage
[2026-01-13T08:56:09.897+0000] {logging_mixin.py:188} INFO - Uploaded /tmp/minio_downloads/customers_181427421882.parquet -> @customers stage
[2026-01-13T08:56:10.036+0000] {logging_mixin.py:188} INFO - Uploaded /tmp/minio_downloads/customers_181427427154.parquet -> @customers stage
[2026-01-13T08:56:10.152+0000] {logging_mixin.py:188} INFO - Uploaded /tmp/minio_downloads/customers_181427433024.parquet -> @customers stage
[2026-01-13T08:56:10.300+0000] {logging_mixin.py:188} INFO - Uploaded /tmp/minio_downloads/customers_181427438160.parquet -> @customers stage
[2026-01-13T08:56:10.431+0000] {logging_mixin.py:188} INFO - Uploaded /tmp/minio_downloads/customers_181427443760.parquet -> @customers stage
[2026-01-13T08:56:10.583+0000] {logging_mixin.py:188} INFO - Uploaded /tmp/minio_downloads/customers_181428966462.parquet -> @customers stage
[2026-01-13T08:56:10.712+0000] {logging_mixin.py:188} INFO - Uploaded /tmp/minio_downloads/customers_181428975542.parquet -> @customers stage
[2026-01-13T08:56:10.833+0000] {logging_mixin.py:188} INFO - Uploaded /tmp/minio_downloads/customers_181428985791.parquet -> @customers stage
[2026-01-13T08:56:10.953+0000] {logging_mixin.py:188} INFO - Uploaded /tmp/minio_downloads/customers_181428993964.parquet -> @customers stage
[2026-01-13T08:56:11.073+0000] {logging_mixin.py:188} INFO - Uploaded /tmp/minio_downloads/customers_181428999822.parquet -> @customers stage
[2026-01-13T08:56:11.200+0000] {logging_mixin.py:188} INFO - Uploaded /tmp/minio_downloads/customers_181429067034.parquet -> @customers stage
[2026-01-13T08:56:11.318+0000] {logging_mixin.py:188} INFO - Uploaded /tmp/minio_downloads/customers_181429072965.parquet -> @customers stage
[2026-01-13T08:56:11.440+0000] {logging_mixin.py:188} INFO - Uploaded /tmp/minio_downloads/customers_181429078643.parquet -> @customers stage
[2026-01-13T08:56:11.562+0000] {logging_mixin.py:188} INFO - Uploaded /tmp/minio_downloads/customers_181429083859.parquet -> @customers stage
[2026-01-13T08:56:11.683+0000] {logging_mixin.py:188} INFO - Uploaded /tmp/minio_downloads/customers_181429089036.parquet -> @customers stage
[2026-01-13T08:56:11.801+0000] {logging_mixin.py:188} INFO - Uploaded /tmp/minio_downloads/customers_181430962810.parquet -> @customers stage
[2026-01-13T08:56:11.919+0000] {logging_mixin.py:188} INFO - Uploaded /tmp/minio_downloads/customers_181430984350.parquet -> @customers stage
[2026-01-13T08:56:12.039+0000] {logging_mixin.py:188} INFO - Uploaded /tmp/minio_downloads/customers_181430999184.parquet -> @customers stage
[2026-01-13T08:56:12.160+0000] {logging_mixin.py:188} INFO - Uploaded /tmp/minio_downloads/customers_181431011201.parquet -> @customers stage
[2026-01-13T08:56:12.284+0000] {logging_mixin.py:188} INFO - Uploaded /tmp/minio_downloads/customers_181431018376.parquet -> @customers stage
[2026-01-13T08:56:12.406+0000] {logging_mixin.py:188} INFO - Uploaded /tmp/minio_downloads/customers_181431439835.parquet -> @customers stage
[2026-01-13T08:56:12.524+0000] {logging_mixin.py:188} INFO - Uploaded /tmp/minio_downloads/customers_181431446140.parquet -> @customers stage
[2026-01-13T08:56:12.664+0000] {logging_mixin.py:188} INFO - Uploaded /tmp/minio_downloads/customers_181431451436.parquet -> @customers stage
[2026-01-13T08:56:12.796+0000] {logging_mixin.py:188} INFO - Uploaded /tmp/minio_downloads/customers_181431456851.parquet -> @customers stage
[2026-01-13T08:56:12.919+0000] {logging_mixin.py:188} INFO - Uploaded /tmp/minio_downloads/customers_181431462372.parquet -> @customers stage
[2026-01-13T08:56:13.059+0000] {logging_mixin.py:188} INFO - Uploaded /tmp/minio_downloads/customers_181432983944.parquet -> @customers stage
[2026-01-13T08:56:13.200+0000] {logging_mixin.py:188} INFO - Uploaded /tmp/minio_downloads/customers_181432998035.parquet -> @customers stage
[2026-01-13T08:56:13.322+0000] {logging_mixin.py:188} INFO - Uploaded /tmp/minio_downloads/customers_181433006844.parquet -> @customers stage
[2026-01-13T08:56:13.447+0000] {logging_mixin.py:188} INFO - Uploaded /tmp/minio_downloads/customers_181433022636.parquet -> @customers stage
[2026-01-13T08:56:13.557+0000] {logging_mixin.py:188} INFO - Uploaded /tmp/minio_downloads/customers_181433029763.parquet -> @customers stage
[2026-01-13T08:56:13.685+0000] {logging_mixin.py:188} INFO - Uploaded /tmp/minio_downloads/customers_181433447934.parquet -> @customers stage
[2026-01-13T08:56:13.794+0000] {logging_mixin.py:188} INFO - Uploaded /tmp/minio_downloads/customers_181433452822.parquet -> @customers stage
[2026-01-13T08:56:13.935+0000] {logging_mixin.py:188} INFO - Uploaded /tmp/minio_downloads/customers_181433458562.parquet -> @customers stage
[2026-01-13T08:56:14.052+0000] {logging_mixin.py:188} INFO - Uploaded /tmp/minio_downloads/customers_181433463968.parquet -> @customers stage
[2026-01-13T08:56:14.174+0000] {logging_mixin.py:188} INFO - Uploaded /tmp/minio_downloads/customers_181433469069.parquet -> @customers stage
[2026-01-13T08:56:14.294+0000] {logging_mixin.py:188} INFO - Uploaded /tmp/minio_downloads/customers_181435012637.parquet -> @customers stage
[2026-01-13T08:56:14.418+0000] {logging_mixin.py:188} INFO - Uploaded /tmp/minio_downloads/customers_181435033612.parquet -> @customers stage
[2026-01-13T08:56:14.537+0000] {logging_mixin.py:188} INFO - Uploaded /tmp/minio_downloads/customers_181435043123.parquet -> @customers stage
[2026-01-13T08:56:14.675+0000] {logging_mixin.py:188} INFO - Uploaded /tmp/minio_downloads/customers_181435050006.parquet -> @customers stage
[2026-01-13T08:56:14.791+0000] {logging_mixin.py:188} INFO - Uploaded /tmp/minio_downloads/customers_181435473215.parquet -> @customers stage
[2026-01-13T08:56:14.912+0000] {logging_mixin.py:188} INFO - Uploaded /tmp/minio_downloads/customers_181435478817.parquet -> @customers stage
[2026-01-13T08:56:15.036+0000] {logging_mixin.py:188} INFO - Uploaded /tmp/minio_downloads/customers_181435483871.parquet -> @customers stage
[2026-01-13T08:56:15.165+0000] {logging_mixin.py:188} INFO - Uploaded /tmp/minio_downloads/customers_181435488593.parquet -> @customers stage
[2026-01-13T08:56:15.292+0000] {logging_mixin.py:188} INFO - Uploaded /tmp/minio_downloads/customers_181435493773.parquet -> @customers stage
[2026-01-13T08:56:15.417+0000] {logging_mixin.py:188} INFO - Uploaded /tmp/minio_downloads/customers_181435512555.parquet -> @customers stage
[2026-01-13T08:56:15.542+0000] {logging_mixin.py:188} INFO - Uploaded /tmp/minio_downloads/customers_181437019562.parquet -> @customers stage
[2026-01-13T08:56:15.665+0000] {logging_mixin.py:188} INFO - Uploaded /tmp/minio_downloads/customers_181437034473.parquet -> @customers stage
[2026-01-13T08:56:15.785+0000] {logging_mixin.py:188} INFO - Uploaded /tmp/minio_downloads/customers_181437049199.parquet -> @customers stage
[2026-01-13T08:56:15.918+0000] {logging_mixin.py:188} INFO - Uploaded /tmp/minio_downloads/customers_181437057102.parquet -> @customers stage
[2026-01-13T08:56:16.037+0000] {logging_mixin.py:188} INFO - Uploaded /tmp/minio_downloads/customers_181437562144.parquet -> @customers stage
[2026-01-13T08:56:16.148+0000] {logging_mixin.py:188} INFO - Uploaded /tmp/minio_downloads/customers_181437567346.parquet -> @customers stage
[2026-01-13T08:56:16.274+0000] {logging_mixin.py:188} INFO - Uploaded /tmp/minio_downloads/customers_181437572210.parquet -> @customers stage
[2026-01-13T08:56:16.398+0000] {logging_mixin.py:188} INFO - Uploaded /tmp/minio_downloads/customers_181437578967.parquet -> @customers stage
[2026-01-13T08:56:16.542+0000] {logging_mixin.py:188} INFO - Uploaded /tmp/minio_downloads/customers_181437584871.parquet -> @customers stage
[2026-01-13T08:56:16.671+0000] {logging_mixin.py:188} INFO - Uploaded /tmp/minio_downloads/customers_181437605359.parquet -> @customers stage
[2026-01-13T08:56:16.790+0000] {logging_mixin.py:188} INFO - Uploaded /tmp/minio_downloads/customers_181439544842.parquet -> @customers stage
[2026-01-13T08:56:16.915+0000] {logging_mixin.py:188} INFO - Uploaded /tmp/minio_downloads/customers_181439561390.parquet -> @customers stage
[2026-01-13T08:56:17.040+0000] {logging_mixin.py:188} INFO - Uploaded /tmp/minio_downloads/customers_181440001605.parquet -> @customers stage
[2026-01-13T08:56:17.165+0000] {logging_mixin.py:188} INFO - Uploaded /tmp/minio_downloads/customers_181440006247.parquet -> @customers stage
[2026-01-13T08:56:17.305+0000] {logging_mixin.py:188} INFO - Uploaded /tmp/minio_downloads/customers_181440011967.parquet -> @customers stage
[2026-01-13T08:56:17.424+0000] {logging_mixin.py:188} INFO - Uploaded /tmp/minio_downloads/customers_181440016978.parquet -> @customers stage
[2026-01-13T08:56:17.546+0000] {logging_mixin.py:188} INFO - Uploaded /tmp/minio_downloads/customers_181440021722.parquet -> @customers stage
[2026-01-13T08:56:17.669+0000] {logging_mixin.py:188} INFO - Uploaded /tmp/minio_downloads/customers_181440026945.parquet -> @customers stage
[2026-01-13T08:56:17.788+0000] {logging_mixin.py:188} INFO - Uploaded /tmp/minio_downloads/customers_181440032116.parquet -> @customers stage
[2026-01-13T08:56:17.915+0000] {logging_mixin.py:188} INFO - Uploaded /tmp/minio_downloads/customers_181440056501.parquet -> @customers stage
[2026-01-13T08:56:18.037+0000] {logging_mixin.py:188} INFO - Uploaded /tmp/minio_downloads/customers_181441579645.parquet -> @customers stage
[2026-01-13T08:56:18.156+0000] {logging_mixin.py:188} INFO - Uploaded /tmp/minio_downloads/customers_181441601424.parquet -> @customers stage
[2026-01-13T08:56:18.280+0000] {logging_mixin.py:188} INFO - Uploaded /tmp/minio_downloads/customers_181441610712.parquet -> @customers stage
[2026-01-13T08:56:18.407+0000] {logging_mixin.py:188} INFO - Uploaded /tmp/minio_downloads/customers_181441617258.parquet -> @customers stage
[2026-01-13T08:56:18.532+0000] {logging_mixin.py:188} INFO - Uploaded /tmp/minio_downloads/customers_181441623552.parquet -> @customers stage
[2026-01-13T08:56:18.651+0000] {logging_mixin.py:188} INFO - Uploaded /tmp/minio_downloads/customers_181442062859.parquet -> @customers stage
[2026-01-13T08:56:18.775+0000] {logging_mixin.py:188} INFO - Uploaded /tmp/minio_downloads/customers_181442068307.parquet -> @customers stage
[2026-01-13T08:56:18.921+0000] {logging_mixin.py:188} INFO - Uploaded /tmp/minio_downloads/customers_181442073478.parquet -> @customers stage
[2026-01-13T08:56:19.173+0000] {logging_mixin.py:188} INFO - Uploaded /tmp/minio_downloads/customers_181442079356.parquet -> @customers stage
[2026-01-13T08:56:19.327+0000] {logging_mixin.py:188} INFO - Uploaded /tmp/minio_downloads/customers_181442084777.parquet -> @customers stage
[2026-01-13T08:56:19.441+0000] {logging_mixin.py:188} INFO - Uploaded /tmp/minio_downloads/customers_181443590004.parquet -> @customers stage
[2026-01-13T08:56:19.565+0000] {logging_mixin.py:188} INFO - Uploaded /tmp/minio_downloads/customers_181443608777.parquet -> @customers stage
[2026-01-13T08:56:19.691+0000] {logging_mixin.py:188} INFO - Uploaded /tmp/minio_downloads/customers_181443621759.parquet -> @customers stage
[2026-01-13T08:56:19.811+0000] {logging_mixin.py:188} INFO - Uploaded /tmp/minio_downloads/customers_181443629817.parquet -> @customers stage
[2026-01-13T08:56:19.922+0000] {logging_mixin.py:188} INFO - Uploaded /tmp/minio_downloads/customers_181443636540.parquet -> @customers stage
[2026-01-13T08:56:20.043+0000] {logging_mixin.py:188} INFO - Uploaded /tmp/minio_downloads/customers_181444068728.parquet -> @customers stage
[2026-01-13T08:56:20.171+0000] {logging_mixin.py:188} INFO - Uploaded /tmp/minio_downloads/customers_181444073973.parquet -> @customers stage
[2026-01-13T08:56:20.303+0000] {logging_mixin.py:188} INFO - Uploaded /tmp/minio_downloads/customers_181444078999.parquet -> @customers stage
[2026-01-13T08:56:20.431+0000] {logging_mixin.py:188} INFO - Uploaded /tmp/minio_downloads/customers_181444083980.parquet -> @customers stage
[2026-01-13T08:56:20.553+0000] {logging_mixin.py:188} INFO - Uploaded /tmp/minio_downloads/customers_181444089214.parquet -> @customers stage
[2026-01-13T08:56:20.681+0000] {logging_mixin.py:188} INFO - Uploaded /tmp/minio_downloads/customers_181445611491.parquet -> @customers stage
[2026-01-13T08:56:20.807+0000] {logging_mixin.py:188} INFO - Uploaded /tmp/minio_downloads/customers_181445632549.parquet -> @customers stage
[2026-01-13T08:56:20.934+0000] {logging_mixin.py:188} INFO - Uploaded /tmp/minio_downloads/customers_181445642654.parquet -> @customers stage
[2026-01-13T08:56:21.055+0000] {logging_mixin.py:188} INFO - Uploaded /tmp/minio_downloads/customers_181445651271.parquet -> @customers stage
[2026-01-13T08:56:21.187+0000] {logging_mixin.py:188} INFO - Uploaded /tmp/minio_downloads/customers_181445659591.parquet -> @customers stage
[2026-01-13T08:56:21.310+0000] {logging_mixin.py:188} INFO - Uploaded /tmp/minio_downloads/customers_181445987050.parquet -> @customers stage
[2026-01-13T08:56:21.435+0000] {logging_mixin.py:188} INFO - Uploaded /tmp/minio_downloads/customers_181445992747.parquet -> @customers stage
[2026-01-13T08:56:21.561+0000] {logging_mixin.py:188} INFO - Uploaded /tmp/minio_downloads/customers_181445998628.parquet -> @customers stage
[2026-01-13T08:56:21.676+0000] {logging_mixin.py:188} INFO - Uploaded /tmp/minio_downloads/customers_181446003525.parquet -> @customers stage
[2026-01-13T08:56:21.801+0000] {logging_mixin.py:188} INFO - Uploaded /tmp/minio_downloads/customers_181446008461.parquet -> @customers stage
[2026-01-13T08:56:21.928+0000] {logging_mixin.py:188} INFO - Uploaded /tmp/minio_downloads/customers_181447638734.parquet -> @customers stage
[2026-01-13T08:56:22.051+0000] {logging_mixin.py:188} INFO - Uploaded /tmp/minio_downloads/customers_181447657555.parquet -> @customers stage
[2026-01-13T08:56:22.175+0000] {logging_mixin.py:188} INFO - Uploaded /tmp/minio_downloads/customers_181447669264.parquet -> @customers stage
[2026-01-13T08:56:22.297+0000] {logging_mixin.py:188} INFO - Uploaded /tmp/minio_downloads/customers_181448089645.parquet -> @customers stage
[2026-01-13T08:56:22.425+0000] {logging_mixin.py:188} INFO - Uploaded /tmp/minio_downloads/customers_181448095353.parquet -> @customers stage
[2026-01-13T08:56:22.562+0000] {logging_mixin.py:188} INFO - Uploaded /tmp/minio_downloads/customers_181448100111.parquet -> @customers stage
[2026-01-13T08:56:22.701+0000] {logging_mixin.py:188} INFO - Uploaded /tmp/minio_downloads/customers_181448105219.parquet -> @customers stage
[2026-01-13T08:56:22.828+0000] {logging_mixin.py:188} INFO - Uploaded /tmp/minio_downloads/customers_181448110407.parquet -> @customers stage
[2026-01-13T08:56:22.946+0000] {logging_mixin.py:188} INFO - Uploaded /tmp/minio_downloads/customers_181448115204.parquet -> @customers stage
[2026-01-13T08:56:23.068+0000] {logging_mixin.py:188} INFO - Uploaded /tmp/minio_downloads/customers_181448134403.parquet -> @customers stage
[2026-01-13T08:56:23.191+0000] {logging_mixin.py:188} INFO - Uploaded /tmp/minio_downloads/customers_181449661603.parquet -> @customers stage
[2026-01-13T08:56:23.314+0000] {logging_mixin.py:188} INFO - Uploaded /tmp/minio_downloads/customers_181449676004.parquet -> @customers stage
[2026-01-13T08:56:23.440+0000] {logging_mixin.py:188} INFO - Uploaded /tmp/minio_downloads/customers_181449686013.parquet -> @customers stage
[2026-01-13T08:56:23.577+0000] {logging_mixin.py:188} INFO - Uploaded /tmp/minio_downloads/customers_181449694109.parquet -> @customers stage
[2026-01-13T08:56:23.690+0000] {logging_mixin.py:188} INFO - Uploaded /tmp/minio_downloads/customers_181449701335.parquet -> @customers stage
[2026-01-13T08:56:23.813+0000] {logging_mixin.py:188} INFO - Uploaded /tmp/minio_downloads/customers_181450189157.parquet -> @customers stage
[2026-01-13T08:56:23.936+0000] {logging_mixin.py:188} INFO - Uploaded /tmp/minio_downloads/customers_181450194299.parquet -> @customers stage
[2026-01-13T08:56:24.061+0000] {logging_mixin.py:188} INFO - Uploaded /tmp/minio_downloads/customers_181450199740.parquet -> @customers stage
[2026-01-13T08:56:24.183+0000] {logging_mixin.py:188} INFO - Uploaded /tmp/minio_downloads/customers_181450205178.parquet -> @customers stage
[2026-01-13T08:56:24.302+0000] {logging_mixin.py:188} INFO - Uploaded /tmp/minio_downloads/customers_181450210704.parquet -> @customers stage
[2026-01-13T08:56:24.425+0000] {logging_mixin.py:188} INFO - Uploaded /tmp/minio_downloads/customers_181451679874.parquet -> @customers stage
[2026-01-13T08:56:24.559+0000] {logging_mixin.py:188} INFO - Uploaded /tmp/minio_downloads/customers_181451694430.parquet -> @customers stage
[2026-01-13T08:56:24.678+0000] {logging_mixin.py:188} INFO - Uploaded /tmp/minio_downloads/customers_181451704612.parquet -> @customers stage
[2026-01-13T08:56:24.802+0000] {logging_mixin.py:188} INFO - Uploaded /tmp/minio_downloads/customers_181451711994.parquet -> @customers stage
[2026-01-13T08:56:24.924+0000] {logging_mixin.py:188} INFO - Uploaded /tmp/minio_downloads/customers_181451718905.parquet -> @customers stage
[2026-01-13T08:56:25.054+0000] {logging_mixin.py:188} INFO - Uploaded /tmp/minio_downloads/customers_181451799639.parquet -> @customers stage
[2026-01-13T08:56:25.189+0000] {logging_mixin.py:188} INFO - Uploaded /tmp/minio_downloads/customers_181451806128.parquet -> @customers stage
[2026-01-13T08:56:25.315+0000] {logging_mixin.py:188} INFO - Uploaded /tmp/minio_downloads/customers_181451812740.parquet -> @customers stage
[2026-01-13T08:56:25.447+0000] {logging_mixin.py:188} INFO - Uploaded /tmp/minio_downloads/customers_181451818654.parquet -> @customers stage
[2026-01-13T08:56:25.573+0000] {logging_mixin.py:188} INFO - Uploaded /tmp/minio_downloads/customers_181451825105.parquet -> @customers stage
[2026-01-13T08:56:25.695+0000] {logging_mixin.py:188} INFO - Uploaded /tmp/minio_downloads/customers_181453691088.parquet -> @customers stage
[2026-01-13T08:56:25.835+0000] {logging_mixin.py:188} INFO - Uploaded /tmp/minio_downloads/customers_181453709690.parquet -> @customers stage
[2026-01-13T08:56:25.958+0000] {logging_mixin.py:188} INFO - Uploaded /tmp/minio_downloads/customers_181453717878.parquet -> @customers stage
[2026-01-13T08:56:26.083+0000] {logging_mixin.py:188} INFO - Uploaded /tmp/minio_downloads/customers_181453727134.parquet -> @customers stage
[2026-01-13T08:56:26.205+0000] {logging_mixin.py:188} INFO - Uploaded /tmp/minio_downloads/customers_181453735685.parquet -> @customers stage
[2026-01-13T08:56:26.331+0000] {logging_mixin.py:188} INFO - Uploaded /tmp/minio_downloads/customers_181454163128.parquet -> @customers stage
[2026-01-13T08:56:26.457+0000] {logging_mixin.py:188} INFO - Uploaded /tmp/minio_downloads/customers_181454168228.parquet -> @customers stage
[2026-01-13T08:56:26.585+0000] {logging_mixin.py:188} INFO - Uploaded /tmp/minio_downloads/customers_181454173728.parquet -> @customers stage
[2026-01-13T08:56:26.710+0000] {logging_mixin.py:188} INFO - Uploaded /tmp/minio_downloads/customers_181454179810.parquet -> @customers stage
[2026-01-13T08:56:26.848+0000] {logging_mixin.py:188} INFO - Uploaded /tmp/minio_downloads/customers_181454184953.parquet -> @customers stage
[2026-01-13T08:56:26.973+0000] {logging_mixin.py:188} INFO - Uploaded /tmp/minio_downloads/customers_181455697368.parquet -> @customers stage
[2026-01-13T08:56:27.096+0000] {logging_mixin.py:188} INFO - Uploaded /tmp/minio_downloads/customers_181455715324.parquet -> @customers stage
[2026-01-13T08:56:27.232+0000] {logging_mixin.py:188} INFO - Uploaded /tmp/minio_downloads/customers_181455726492.parquet -> @customers stage
[2026-01-13T08:56:27.362+0000] {logging_mixin.py:188} INFO - Uploaded /tmp/minio_downloads/customers_181455733520.parquet -> @customers stage
[2026-01-13T08:56:27.491+0000] {logging_mixin.py:188} INFO - Uploaded /tmp/minio_downloads/customers_181455740034.parquet -> @customers stage
[2026-01-13T08:56:27.614+0000] {logging_mixin.py:188} INFO - Uploaded /tmp/minio_downloads/customers_181456223217.parquet -> @customers stage
[2026-01-13T08:56:27.740+0000] {logging_mixin.py:188} INFO - Uploaded /tmp/minio_downloads/customers_181456231413.parquet -> @customers stage
[2026-01-13T08:56:27.890+0000] {logging_mixin.py:188} INFO - Uploaded /tmp/minio_downloads/customers_181456236957.parquet -> @customers stage
[2026-01-13T08:56:28.014+0000] {logging_mixin.py:188} INFO - Uploaded /tmp/minio_downloads/customers_181456242104.parquet -> @customers stage
[2026-01-13T08:56:28.142+0000] {logging_mixin.py:188} INFO - Uploaded /tmp/minio_downloads/customers_181456247194.parquet -> @customers stage
[2026-01-13T08:56:28.266+0000] {logging_mixin.py:188} INFO - Uploaded /tmp/minio_downloads/customers_181457713201.parquet -> @customers stage
[2026-01-13T08:56:28.391+0000] {logging_mixin.py:188} INFO - Uploaded /tmp/minio_downloads/customers_181457721691.parquet -> @customers stage
[2026-01-13T08:56:28.528+0000] {logging_mixin.py:188} INFO - Uploaded /tmp/minio_downloads/customers_181457731084.parquet -> @customers stage
[2026-01-13T08:56:28.653+0000] {logging_mixin.py:188} INFO - Uploaded /tmp/minio_downloads/customers_181457737859.parquet -> @customers stage
[2026-01-13T08:56:28.781+0000] {logging_mixin.py:188} INFO - Uploaded /tmp/minio_downloads/customers_181458175604.parquet -> @customers stage
[2026-01-13T08:56:28.908+0000] {logging_mixin.py:188} INFO - Uploaded /tmp/minio_downloads/customers_181458181537.parquet -> @customers stage
[2026-01-13T08:56:29.027+0000] {logging_mixin.py:188} INFO - Uploaded /tmp/minio_downloads/customers_181458186781.parquet -> @customers stage
[2026-01-13T08:56:29.154+0000] {logging_mixin.py:188} INFO - Uploaded /tmp/minio_downloads/customers_181458191921.parquet -> @customers stage
[2026-01-13T08:56:29.278+0000] {logging_mixin.py:188} INFO - Uploaded /tmp/minio_downloads/customers_181458197652.parquet -> @customers stage
[2026-01-13T08:56:29.406+0000] {logging_mixin.py:188} INFO - Uploaded /tmp/minio_downloads/customers_181458216528.parquet -> @customers stage
[2026-01-13T08:56:29.530+0000] {logging_mixin.py:188} INFO - Uploaded /tmp/minio_downloads/customers_181459726104.parquet -> @customers stage
[2026-01-13T08:56:29.657+0000] {logging_mixin.py:188} INFO - Uploaded /tmp/minio_downloads/customers_181459740272.parquet -> @customers stage
[2026-01-13T08:56:29.780+0000] {logging_mixin.py:188} INFO - Uploaded /tmp/minio_downloads/customers_181459750592.parquet -> @customers stage
[2026-01-13T08:56:29.903+0000] {logging_mixin.py:188} INFO - Uploaded /tmp/minio_downloads/customers_181459758207.parquet -> @customers stage
[2026-01-13T08:56:30.029+0000] {logging_mixin.py:188} INFO - Uploaded /tmp/minio_downloads/customers_181459766224.parquet -> @customers stage
[2026-01-13T08:56:30.151+0000] {logging_mixin.py:188} INFO - Uploaded /tmp/minio_downloads/customers_181500264173.parquet -> @customers stage
[2026-01-13T08:56:30.275+0000] {logging_mixin.py:188} INFO - Uploaded /tmp/minio_downloads/customers_181500269106.parquet -> @customers stage
[2026-01-13T08:56:30.400+0000] {logging_mixin.py:188} INFO - Uploaded /tmp/minio_downloads/customers_181500273933.parquet -> @customers stage
[2026-01-13T08:56:30.526+0000] {logging_mixin.py:188} INFO - Uploaded /tmp/minio_downloads/customers_181500279771.parquet -> @customers stage
[2026-01-13T08:56:30.653+0000] {logging_mixin.py:188} INFO - Uploaded /tmp/minio_downloads/customers_181500284715.parquet -> @customers stage
[2026-01-13T08:56:30.776+0000] {logging_mixin.py:188} INFO - Uploaded /tmp/minio_downloads/customers_181502265615.parquet -> @customers stage
[2026-01-13T08:56:30.897+0000] {logging_mixin.py:188} INFO - Uploaded /tmp/minio_downloads/customers_181502284975.parquet -> @customers stage
[2026-01-13T08:56:31.029+0000] {logging_mixin.py:188} INFO - Uploaded /tmp/minio_downloads/customers_181502296076.parquet -> @customers stage
[2026-01-13T08:56:31.162+0000] {logging_mixin.py:188} INFO - Uploaded /tmp/minio_downloads/customers_181502304228.parquet -> @customers stage
[2026-01-13T08:56:31.273+0000] {logging_mixin.py:188} INFO - Uploaded /tmp/minio_downloads/customers_181502310795.parquet -> @customers stage
[2026-01-13T08:56:31.394+0000] {logging_mixin.py:188} INFO - Uploaded /tmp/minio_downloads/customers_181502761631.parquet -> @customers stage
[2026-01-13T08:56:31.529+0000] {logging_mixin.py:188} INFO - Uploaded /tmp/minio_downloads/customers_181502766867.parquet -> @customers stage
[2026-01-13T08:56:31.662+0000] {logging_mixin.py:188} INFO - Uploaded /tmp/minio_downloads/customers_181502772607.parquet -> @customers stage
[2026-01-13T08:56:31.913+0000] {logging_mixin.py:188} INFO - Uploaded /tmp/minio_downloads/customers_181502777868.parquet -> @customers stage
[2026-01-13T08:56:32.043+0000] {logging_mixin.py:188} INFO - Uploaded /tmp/minio_downloads/customers_181502783465.parquet -> @customers stage
[2026-01-13T08:56:32.166+0000] {logging_mixin.py:188} INFO - Uploaded /tmp/minio_downloads/customers_181504283270.parquet -> @customers stage
[2026-01-13T08:56:32.297+0000] {logging_mixin.py:188} INFO - Uploaded /tmp/minio_downloads/customers_181504298565.parquet -> @customers stage
[2026-01-13T08:56:32.440+0000] {logging_mixin.py:188} INFO - Uploaded /tmp/minio_downloads/customers_181504307219.parquet -> @customers stage
[2026-01-13T08:56:32.572+0000] {logging_mixin.py:188} INFO - Uploaded /tmp/minio_downloads/customers_181504314525.parquet -> @customers stage
[2026-01-13T08:56:32.695+0000] {logging_mixin.py:188} INFO - Uploaded /tmp/minio_downloads/customers_181504321051.parquet -> @customers stage
[2026-01-13T08:56:32.820+0000] {logging_mixin.py:188} INFO - Uploaded /tmp/minio_downloads/customers_181504750816.parquet -> @customers stage
[2026-01-13T08:56:32.968+0000] {logging_mixin.py:188} INFO - Uploaded /tmp/minio_downloads/customers_181504755833.parquet -> @customers stage
[2026-01-13T08:56:33.094+0000] {logging_mixin.py:188} INFO - Uploaded /tmp/minio_downloads/customers_181504760974.parquet -> @customers stage
[2026-01-13T08:56:33.230+0000] {logging_mixin.py:188} INFO - Uploaded /tmp/minio_downloads/customers_181504766107.parquet -> @customers stage
[2026-01-13T08:56:33.353+0000] {logging_mixin.py:188} INFO - Uploaded /tmp/minio_downloads/customers_181504770925.parquet -> @customers stage
[2026-01-13T08:56:33.482+0000] {logging_mixin.py:188} INFO - Uploaded /tmp/minio_downloads/customers_181506298818.parquet -> @customers stage
[2026-01-13T08:56:33.607+0000] {logging_mixin.py:188} INFO - Uploaded /tmp/minio_downloads/customers_181506312747.parquet -> @customers stage
[2026-01-13T08:56:33.716+0000] {logging_mixin.py:188} INFO - Uploaded /tmp/minio_downloads/customers_181506320761.parquet -> @customers stage
[2026-01-13T08:56:33.826+0000] {logging_mixin.py:188} INFO - Uploaded /tmp/minio_downloads/customers_181506327734.parquet -> @customers stage
[2026-01-13T08:56:33.950+0000] {logging_mixin.py:188} INFO - Uploaded /tmp/minio_downloads/customers_181506334027.parquet -> @customers stage
[2026-01-13T08:56:34.074+0000] {logging_mixin.py:188} INFO - Uploaded /tmp/minio_downloads/customers_181506756808.parquet -> @customers stage
[2026-01-13T08:56:34.201+0000] {logging_mixin.py:188} INFO - Uploaded /tmp/minio_downloads/customers_181506762419.parquet -> @customers stage
[2026-01-13T08:56:34.329+0000] {logging_mixin.py:188} INFO - Uploaded /tmp/minio_downloads/customers_181506768033.parquet -> @customers stage
[2026-01-13T08:56:34.469+0000] {logging_mixin.py:188} INFO - Uploaded /tmp/minio_downloads/customers_181506773305.parquet -> @customers stage
[2026-01-13T08:56:34.597+0000] {logging_mixin.py:188} INFO - Uploaded /tmp/minio_downloads/customers_181506779075.parquet -> @customers stage
[2026-01-13T08:56:34.710+0000] {logging_mixin.py:188} INFO - Uploaded /tmp/minio_downloads/customers_181508297166.parquet -> @customers stage
[2026-01-13T08:56:34.869+0000] {logging_mixin.py:188} INFO - Uploaded /tmp/minio_downloads/customers_181508318769.parquet -> @customers stage
[2026-01-13T08:56:34.984+0000] {logging_mixin.py:188} INFO - Uploaded /tmp/minio_downloads/customers_181508328490.parquet -> @customers stage
[2026-01-13T08:56:35.595+0000] {logging_mixin.py:188} INFO - Uploaded /tmp/minio_downloads/customers_181508336134.parquet -> @customers stage
[2026-01-13T08:56:35.724+0000] {logging_mixin.py:188} INFO - Uploaded /tmp/minio_downloads/customers_181508343776.parquet -> @customers stage
[2026-01-13T08:56:35.846+0000] {logging_mixin.py:188} INFO - Uploaded /tmp/minio_downloads/customers_181508775965.parquet -> @customers stage
[2026-01-13T08:56:35.979+0000] {logging_mixin.py:188} INFO - Uploaded /tmp/minio_downloads/customers_181508781185.parquet -> @customers stage
[2026-01-13T08:56:36.111+0000] {logging_mixin.py:188} INFO - Uploaded /tmp/minio_downloads/customers_181508786528.parquet -> @customers stage
[2026-01-13T08:56:36.267+0000] {logging_mixin.py:188} INFO - Uploaded /tmp/minio_downloads/customers_181508792326.parquet -> @customers stage
[2026-01-13T08:56:36.408+0000] {logging_mixin.py:188} INFO - Uploaded /tmp/minio_downloads/customers_181508797840.parquet -> @customers stage
[2026-01-13T08:56:36.553+0000] {logging_mixin.py:188} INFO - Uploaded /tmp/minio_downloads/customers_181510327165.parquet -> @customers stage
[2026-01-13T08:56:36.703+0000] {logging_mixin.py:188} INFO - Uploaded /tmp/minio_downloads/customers_181510346427.parquet -> @customers stage
[2026-01-13T08:56:36.874+0000] {logging_mixin.py:188} INFO - Uploaded /tmp/minio_downloads/customers_181510360162.parquet -> @customers stage
[2026-01-13T08:56:37.416+0000] {logging_mixin.py:188} INFO - Uploaded /tmp/minio_downloads/customers_181510782931.parquet -> @customers stage
[2026-01-13T08:56:37.551+0000] {logging_mixin.py:188} INFO - Uploaded /tmp/minio_downloads/customers_181510788820.parquet -> @customers stage
[2026-01-13T08:56:37.685+0000] {logging_mixin.py:188} INFO - Uploaded /tmp/minio_downloads/customers_181510796168.parquet -> @customers stage
[2026-01-13T08:56:37.817+0000] {logging_mixin.py:188} INFO - Uploaded /tmp/minio_downloads/customers_181510802155.parquet -> @customers stage
[2026-01-13T08:56:37.955+0000] {logging_mixin.py:188} INFO - Uploaded /tmp/minio_downloads/customers_181510807865.parquet -> @customers stage
[2026-01-13T08:56:38.085+0000] {logging_mixin.py:188} INFO - Uploaded /tmp/minio_downloads/customers_181510813673.parquet -> @customers stage
[2026-01-13T08:56:38.229+0000] {logging_mixin.py:188} INFO - Uploaded /tmp/minio_downloads/customers_181510836920.parquet -> @customers stage
[2026-01-13T08:56:38.381+0000] {logging_mixin.py:188} INFO - Uploaded /tmp/minio_downloads/customers_181512358890.parquet -> @customers stage
[2026-01-13T08:56:38.522+0000] {logging_mixin.py:188} INFO - Uploaded /tmp/minio_downloads/customers_181512377796.parquet -> @customers stage
[2026-01-13T08:56:38.660+0000] {logging_mixin.py:188} INFO - Uploaded /tmp/minio_downloads/customers_181512390010.parquet -> @customers stage
[2026-01-13T08:56:38.798+0000] {logging_mixin.py:188} INFO - Uploaded /tmp/minio_downloads/customers_181512400160.parquet -> @customers stage
[2026-01-13T08:56:38.928+0000] {logging_mixin.py:188} INFO - Uploaded /tmp/minio_downloads/customers_181512408959.parquet -> @customers stage
[2026-01-13T08:56:39.060+0000] {logging_mixin.py:188} INFO - Uploaded /tmp/minio_downloads/customers_181512871008.parquet -> @customers stage
[2026-01-13T08:56:39.226+0000] {logging_mixin.py:188} INFO - Uploaded /tmp/minio_downloads/customers_181512876196.parquet -> @customers stage
[2026-01-13T08:56:39.362+0000] {logging_mixin.py:188} INFO - Uploaded /tmp/minio_downloads/customers_181512882065.parquet -> @customers stage
[2026-01-13T08:56:39.486+0000] {logging_mixin.py:188} INFO - Uploaded /tmp/minio_downloads/customers_181512886801.parquet -> @customers stage
[2026-01-13T08:56:39.630+0000] {logging_mixin.py:188} INFO - Uploaded /tmp/minio_downloads/customers_181512893374.parquet -> @customers stage
[2026-01-13T08:56:39.803+0000] {logging_mixin.py:188} INFO - Uploaded /tmp/minio_downloads/customers_181514364888.parquet -> @customers stage
[2026-01-13T08:56:39.937+0000] {logging_mixin.py:188} INFO - Uploaded /tmp/minio_downloads/customers_181514383771.parquet -> @customers stage
[2026-01-13T08:56:40.071+0000] {logging_mixin.py:188} INFO - Uploaded /tmp/minio_downloads/customers_181514394610.parquet -> @customers stage
[2026-01-13T08:56:40.202+0000] {logging_mixin.py:188} INFO - Uploaded /tmp/minio_downloads/customers_181514402271.parquet -> @customers stage
[2026-01-13T08:56:40.371+0000] {logging_mixin.py:188} INFO - Uploaded /tmp/minio_downloads/customers_181514409626.parquet -> @customers stage
[2026-01-13T08:56:40.504+0000] {logging_mixin.py:188} INFO - Uploaded /tmp/minio_downloads/customers_181514866936.parquet -> @customers stage
[2026-01-13T08:56:40.633+0000] {logging_mixin.py:188} INFO - Uploaded /tmp/minio_downloads/customers_181514872336.parquet -> @customers stage
[2026-01-13T08:56:40.758+0000] {logging_mixin.py:188} INFO - Uploaded /tmp/minio_downloads/customers_181514878174.parquet -> @customers stage
[2026-01-13T08:56:40.878+0000] {logging_mixin.py:188} INFO - Uploaded /tmp/minio_downloads/customers_181514883775.parquet -> @customers stage
[2026-01-13T08:56:40.993+0000] {logging_mixin.py:188} INFO - Uploaded /tmp/minio_downloads/customers_181514890545.parquet -> @customers stage
[2026-01-13T08:56:41.113+0000] {logging_mixin.py:188} INFO - Uploaded /tmp/minio_downloads/customers_181516387475.parquet -> @customers stage
[2026-01-13T08:56:41.234+0000] {logging_mixin.py:188} INFO - Uploaded /tmp/minio_downloads/customers_181516399826.parquet -> @customers stage
[2026-01-13T08:56:41.375+0000] {logging_mixin.py:188} INFO - Uploaded /tmp/minio_downloads/customers_181516409717.parquet -> @customers stage
[2026-01-13T08:56:41.519+0000] {logging_mixin.py:188} INFO - Uploaded /tmp/minio_downloads/customers_181516417328.parquet -> @customers stage
[2026-01-13T08:56:41.660+0000] {logging_mixin.py:188} INFO - Uploaded /tmp/minio_downloads/customers_181516424141.parquet -> @customers stage
[2026-01-13T08:56:41.834+0000] {logging_mixin.py:188} INFO - Uploaded /tmp/minio_downloads/customers_181516502366.parquet -> @customers stage
[2026-01-13T08:56:41.965+0000] {logging_mixin.py:188} INFO - Uploaded /tmp/minio_downloads/customers_181516510537.parquet -> @customers stage
[2026-01-13T08:56:42.098+0000] {logging_mixin.py:188} INFO - Uploaded /tmp/minio_downloads/customers_181516517931.parquet -> @customers stage
[2026-01-13T08:56:42.232+0000] {logging_mixin.py:188} INFO - Uploaded /tmp/minio_downloads/customers_181516525535.parquet -> @customers stage
[2026-01-13T08:56:42.380+0000] {logging_mixin.py:188} INFO - Uploaded /tmp/minio_downloads/customers_181516532918.parquet -> @customers stage
[2026-01-13T08:56:42.505+0000] {logging_mixin.py:188} INFO - Uploaded /tmp/minio_downloads/customers_181518416840.parquet -> @customers stage
[2026-01-13T08:56:42.634+0000] {logging_mixin.py:188} INFO - Uploaded /tmp/minio_downloads/customers_181518430565.parquet -> @customers stage
[2026-01-13T08:56:42.763+0000] {logging_mixin.py:188} INFO - Uploaded /tmp/minio_downloads/customers_181518440357.parquet -> @customers stage
[2026-01-13T08:56:42.888+0000] {logging_mixin.py:188} INFO - Uploaded /tmp/minio_downloads/customers_181518448687.parquet -> @customers stage
[2026-01-13T08:56:43.019+0000] {logging_mixin.py:188} INFO - Uploaded /tmp/minio_downloads/customers_181518457111.parquet -> @customers stage
[2026-01-13T08:56:43.150+0000] {logging_mixin.py:188} INFO - Uploaded /tmp/minio_downloads/customers_181518540422.parquet -> @customers stage
[2026-01-13T08:56:43.276+0000] {logging_mixin.py:188} INFO - Uploaded /tmp/minio_downloads/customers_181518548074.parquet -> @customers stage
[2026-01-13T08:56:43.402+0000] {logging_mixin.py:188} INFO - Uploaded /tmp/minio_downloads/customers_181518555472.parquet -> @customers stage
[2026-01-13T08:56:43.532+0000] {logging_mixin.py:188} INFO - Uploaded /tmp/minio_downloads/customers_181518561733.parquet -> @customers stage
[2026-01-13T08:56:43.654+0000] {logging_mixin.py:188} INFO - Uploaded /tmp/minio_downloads/customers_181518567570.parquet -> @customers stage
[2026-01-13T08:56:43.766+0000] {logging_mixin.py:188} INFO - Uploaded /tmp/minio_downloads/customers_181628435230.parquet -> @customers stage
[2026-01-13T08:56:43.880+0000] {logging_mixin.py:188} INFO - Uploaded /tmp/minio_downloads/customers_181701173417.parquet -> @customers stage
[2026-01-13T08:56:43.999+0000] {logging_mixin.py:188} INFO - Uploaded /tmp/minio_downloads/customers_181806663541.parquet -> @customers stage
[2026-01-13T08:56:44.122+0000] {logging_mixin.py:188} INFO - Uploaded /tmp/minio_downloads/customers_181806682349.parquet -> @customers stage
[2026-01-13T08:56:44.245+0000] {logging_mixin.py:188} INFO - Uploaded /tmp/minio_downloads/customers_181806689518.parquet -> @customers stage
[2026-01-13T08:56:44.372+0000] {logging_mixin.py:188} INFO - Uploaded /tmp/minio_downloads/customers_181806697651.parquet -> @customers stage
[2026-01-13T08:56:44.503+0000] {logging_mixin.py:188} INFO - Uploaded /tmp/minio_downloads/customers_181806704241.parquet -> @customers stage
[2026-01-13T08:56:44.632+0000] {logging_mixin.py:188} INFO - Uploaded /tmp/minio_downloads/customers_181807129972.parquet -> @customers stage
[2026-01-13T08:56:44.764+0000] {logging_mixin.py:188} INFO - Uploaded /tmp/minio_downloads/customers_181807135977.parquet -> @customers stage
[2026-01-13T08:56:44.887+0000] {logging_mixin.py:188} INFO - Uploaded /tmp/minio_downloads/customers_181807141374.parquet -> @customers stage
[2026-01-13T08:56:45.011+0000] {logging_mixin.py:188} INFO - Uploaded /tmp/minio_downloads/customers_181807148377.parquet -> @customers stage
[2026-01-13T08:56:45.148+0000] {logging_mixin.py:188} INFO - Uploaded /tmp/minio_downloads/customers_181807154402.parquet -> @customers stage
[2026-01-13T08:56:45.275+0000] {logging_mixin.py:188} INFO - Uploaded /tmp/minio_downloads/customers_181808660951.parquet -> @customers stage
[2026-01-13T08:56:45.405+0000] {logging_mixin.py:188} INFO - Uploaded /tmp/minio_downloads/customers_181808675290.parquet -> @customers stage
[2026-01-13T08:56:45.532+0000] {logging_mixin.py:188} INFO - Uploaded /tmp/minio_downloads/customers_181808687354.parquet -> @customers stage
[2026-01-13T08:56:45.662+0000] {logging_mixin.py:188} INFO - Uploaded /tmp/minio_downloads/customers_181808694923.parquet -> @customers stage
[2026-01-13T08:56:45.777+0000] {logging_mixin.py:188} INFO - Uploaded /tmp/minio_downloads/customers_181808702192.parquet -> @customers stage
[2026-01-13T08:56:45.963+0000] {logging_mixin.py:188} INFO - Uploaded /tmp/minio_downloads/customers_181809126092.parquet -> @customers stage
[2026-01-13T08:56:46.668+0000] {logging_mixin.py:188} INFO - Uploaded /tmp/minio_downloads/customers_181809132272.parquet -> @customers stage
[2026-01-13T08:56:46.795+0000] {logging_mixin.py:188} INFO - Uploaded /tmp/minio_downloads/customers_181809137813.parquet -> @customers stage
[2026-01-13T08:56:46.913+0000] {logging_mixin.py:188} INFO - Uploaded /tmp/minio_downloads/customers_181809144326.parquet -> @customers stage
[2026-01-13T08:56:47.040+0000] {logging_mixin.py:188} INFO - Uploaded /tmp/minio_downloads/customers_181809149874.parquet -> @customers stage
[2026-01-13T08:56:47.159+0000] {logging_mixin.py:188} INFO - Uploaded /tmp/minio_downloads/customers_183110869405.parquet -> @customers stage
[2026-01-13T08:56:47.280+0000] {logging_mixin.py:188} INFO - Uploaded /tmp/minio_downloads/customers_183121581428.parquet -> @customers stage
[2026-01-13T08:56:47.402+0000] {logging_mixin.py:188} INFO - Uploaded /tmp/minio_downloads/customers_183234634950.parquet -> @customers stage
[2026-01-13T08:56:47.526+0000] {logging_mixin.py:188} INFO - Uploaded /tmp/minio_downloads/customers_batch_182522733168.parquet -> @customers stage
[2026-01-13T08:56:47.655+0000] {logging_mixin.py:188} INFO - Uploaded /tmp/minio_downloads/customers_batch_182522738810.parquet -> @customers stage
[2026-01-13T08:56:47.778+0000] {logging_mixin.py:188} INFO - Uploaded /tmp/minio_downloads/customers_batch_182522744636.parquet -> @customers stage
[2026-01-13T08:56:47.927+0000] {logging_mixin.py:188} INFO - Uploaded /tmp/minio_downloads/customers_batch_182522750666.parquet -> @customers stage
[2026-01-13T08:56:48.043+0000] {logging_mixin.py:188} INFO - Uploaded /tmp/minio_downloads/customers_batch_182522756219.parquet -> @customers stage
[2026-01-13T08:56:48.163+0000] {logging_mixin.py:188} INFO - Uploaded /tmp/minio_downloads/customers_batch_182522762476.parquet -> @customers stage
[2026-01-13T08:56:48.283+0000] {logging_mixin.py:188} INFO - Uploaded /tmp/minio_downloads/customers_batch_182522768157.parquet -> @customers stage
[2026-01-13T08:56:48.412+0000] {logging_mixin.py:188} INFO - Uploaded /tmp/minio_downloads/customers_batch_182523316267.parquet -> @customers stage
[2026-01-13T08:56:48.537+0000] {logging_mixin.py:188} INFO - Uploaded /tmp/minio_downloads/customers_batch_182523322300.parquet -> @customers stage
[2026-01-13T08:56:48.677+0000] {logging_mixin.py:188} INFO - Uploaded /tmp/minio_downloads/customers_batch_182649954739.parquet -> @customers stage
[2026-01-13T08:56:48.797+0000] {logging_mixin.py:188} INFO - Uploaded /tmp/minio_downloads/customers_batch_182700058971.parquet -> @customers stage
[2026-01-13T08:56:48.913+0000] {logging_mixin.py:188} INFO - Uploaded /tmp/minio_downloads/customers_150213776312.parquet -> @customers stage
[2026-01-13T08:56:49.032+0000] {logging_mixin.py:188} INFO - Uploaded /tmp/minio_downloads/customers_151902010712.parquet -> @customers stage
[2026-01-13T08:56:49.158+0000] {logging_mixin.py:188} INFO - Uploaded /tmp/minio_downloads/customers_160242618391.parquet -> @customers stage
[2026-01-13T08:56:49.573+0000] {logging_mixin.py:188} INFO - Data loaded into customers
[2026-01-13T08:56:49.744+0000] {logging_mixin.py:188} INFO - Uploaded /tmp/minio_downloads/accounts_183230589503.parquet -> @accounts stage
[2026-01-13T08:56:49.900+0000] {logging_mixin.py:188} INFO - Uploaded /tmp/minio_downloads/accounts_183234626985.parquet -> @accounts stage
[2026-01-13T08:56:50.030+0000] {logging_mixin.py:188} INFO - Uploaded /tmp/minio_downloads/accounts_150213787129.parquet -> @accounts stage
[2026-01-13T08:56:50.158+0000] {logging_mixin.py:188} INFO - Uploaded /tmp/minio_downloads/accounts_150213797053.parquet -> @accounts stage
[2026-01-13T08:56:50.284+0000] {logging_mixin.py:188} INFO - Uploaded /tmp/minio_downloads/accounts_150213804688.parquet -> @accounts stage
[2026-01-13T08:56:50.413+0000] {logging_mixin.py:188} INFO - Uploaded /tmp/minio_downloads/accounts_151902023661.parquet -> @accounts stage
[2026-01-13T08:56:50.541+0000] {logging_mixin.py:188} INFO - Uploaded /tmp/minio_downloads/accounts_151902031733.parquet -> @accounts stage
[2026-01-13T08:56:50.658+0000] {logging_mixin.py:188} INFO - Uploaded /tmp/minio_downloads/accounts_160053111301.parquet -> @accounts stage
[2026-01-13T08:56:50.803+0000] {logging_mixin.py:188} INFO - Uploaded /tmp/minio_downloads/accounts_160242686862.parquet -> @accounts stage
[2026-01-13T08:56:50.959+0000] {logging_mixin.py:188} INFO - Uploaded /tmp/minio_downloads/accounts_160248662814.parquet -> @accounts stage
[2026-01-13T08:56:51.219+0000] {logging_mixin.py:188} INFO - Data loaded into accounts
[2026-01-13T08:56:51.386+0000] {logging_mixin.py:188} INFO - Uploaded /tmp/minio_downloads/transactions_181238842992.parquet -> @transactions stage
[2026-01-13T08:56:51.504+0000] {logging_mixin.py:188} INFO - Uploaded /tmp/minio_downloads/transactions_181238849307.parquet -> @transactions stage
[2026-01-13T08:56:51.883+0000] {logging_mixin.py:188} INFO - Uploaded /tmp/minio_downloads/transactions_181238854827.parquet -> @transactions stage
[2026-01-13T08:56:51.894+0000] {local_task_job_runner.py:124} ERROR - Received SIGTERM. Terminating subprocesses
[2026-01-13T08:56:51.943+0000] {process_utils.py:132} INFO - Sending 15 to group 91490. PIDs of all processes in the group: [91490]
[2026-01-13T08:56:51.966+0000] {process_utils.py:87} INFO - Sending the signal 15 to group 91490
[2026-01-13T08:56:51.981+0000] {taskinstance.py:2611} ERROR - Received SIGTERM. Terminating subprocesses.
[2026-01-13T08:56:51.986+0000] {taskinstance.py:441} INFO - ::group::Post task execution logs
[2026-01-13T08:56:52.457+0000] {standard_task_runner.py:110} ERROR - Failed to execute job 210 for task load_snowflake ((psycopg2.OperationalError) connection to server at "airflow-postgres" (172.18.0.5), port 5432 failed: Connection refused
	Is the server running on that host and accepting TCP/IP connections?

(Background on this error at: https://sqlalche.me/e/14/e3q8); 91490)
[2026-01-13T08:56:52.537+0000] {process_utils.py:80} INFO - Process psutil.Process(pid=91490, status='terminated', exitcode=1, started='08:55:50') (91490) terminated with exit code 1
[2026-01-13T08:56:52.545+0000] {local_task_job_runner.py:243} INFO - Task exited with return code 143
[2026-01-13T08:56:52.568+0000] {taskinstance.py:3509} WARNING - Skipping mini scheduling run due to exception: None
Traceback (most recent call last):
  File "/home/airflow/.local/lib/python3.11/site-packages/sqlalchemy/engine/base.py", line 3371, in _wrap_pool_connect
    return fn()
           ^^^^
  File "/home/airflow/.local/lib/python3.11/site-packages/sqlalchemy/pool/base.py", line 327, in connect
    return _ConnectionFairy._checkout(self)
           ^^^^^^^^^^^^^^^^^^^^^^^^^^^^^^^^
  File "/home/airflow/.local/lib/python3.11/site-packages/sqlalchemy/pool/base.py", line 894, in _checkout
    fairy = _ConnectionRecord.checkout(pool)
            ^^^^^^^^^^^^^^^^^^^^^^^^^^^^^^^^
  File "/home/airflow/.local/lib/python3.11/site-packages/sqlalchemy/pool/base.py", line 493, in checkout
    rec = pool._do_get()
          ^^^^^^^^^^^^^^
  File "/home/airflow/.local/lib/python3.11/site-packages/sqlalchemy/pool/impl.py", line 256, in _do_get
    return self._create_connection()
           ^^^^^^^^^^^^^^^^^^^^^^^^^
  File "/home/airflow/.local/lib/python3.11/site-packages/sqlalchemy/pool/base.py", line 273, in _create_connection
    return _ConnectionRecord(self)
           ^^^^^^^^^^^^^^^^^^^^^^^
  File "/home/airflow/.local/lib/python3.11/site-packages/sqlalchemy/pool/base.py", line 388, in __init__
    self.__connect()
  File "/home/airflow/.local/lib/python3.11/site-packages/sqlalchemy/pool/base.py", line 690, in __connect
    with util.safe_reraise():
  File "/home/airflow/.local/lib/python3.11/site-packages/sqlalchemy/util/langhelpers.py", line 70, in __exit__
    compat.raise_(
  File "/home/airflow/.local/lib/python3.11/site-packages/sqlalchemy/util/compat.py", line 211, in raise_
    raise exception
  File "/home/airflow/.local/lib/python3.11/site-packages/sqlalchemy/pool/base.py", line 686, in __connect
    self.dbapi_connection = connection = pool._invoke_creator(self)
                                         ^^^^^^^^^^^^^^^^^^^^^^^^^^
  File "/home/airflow/.local/lib/python3.11/site-packages/sqlalchemy/engine/create.py", line 574, in connect
    return dialect.connect(*cargs, **cparams)
           ^^^^^^^^^^^^^^^^^^^^^^^^^^^^^^^^^^
  File "/home/airflow/.local/lib/python3.11/site-packages/sqlalchemy/engine/default.py", line 598, in connect
    return self.dbapi.connect(*cargs, **cparams)
           ^^^^^^^^^^^^^^^^^^^^^^^^^^^^^^^^^^^^^
  File "/home/airflow/.local/lib/python3.11/site-packages/psycopg2/__init__.py", line 122, in connect
    conn = _connect(dsn, connection_factory=connection_factory, **kwasync)
           ^^^^^^^^^^^^^^^^^^^^^^^^^^^^^^^^^^^^^^^^^^^^^^^^^^^^^^^^^^^^^^^
psycopg2.OperationalError: connection to server at "***-postgres" (172.18.0.5), port 5432 failed: Connection refused
	Is the server running on that host and accepting TCP/IP connections?


The above exception was the direct cause of the following exception:

Traceback (most recent call last):
  File "/home/airflow/.local/lib/python3.11/site-packages/airflow/models/taskinstance.py", line 3458, in _schedule_downstream_tasks
    ).one_or_none()
      ^^^^^^^^^^^^^
  File "/home/airflow/.local/lib/python3.11/site-packages/sqlalchemy/orm/query.py", line 2850, in one_or_none
    return self._iter().one_or_none()
           ^^^^^^^^^^^^
  File "/home/airflow/.local/lib/python3.11/site-packages/sqlalchemy/orm/query.py", line 2916, in _iter
    result = self.session.execute(
             ^^^^^^^^^^^^^^^^^^^^^
  File "/home/airflow/.local/lib/python3.11/site-packages/sqlalchemy/orm/session.py", line 1716, in execute
    conn = self._connection_for_bind(bind)
           ^^^^^^^^^^^^^^^^^^^^^^^^^^^^^^^
  File "/home/airflow/.local/lib/python3.11/site-packages/sqlalchemy/orm/session.py", line 1555, in _connection_for_bind
    return self._transaction._connection_for_bind(
           ^^^^^^^^^^^^^^^^^^^^^^^^^^^^^^^^^^^^^^^
  File "/home/airflow/.local/lib/python3.11/site-packages/sqlalchemy/orm/session.py", line 750, in _connection_for_bind
    conn = bind.connect()
           ^^^^^^^^^^^^^^
  File "/home/airflow/.local/lib/python3.11/site-packages/sqlalchemy/future/engine.py", line 412, in connect
    return super(Engine, self).connect()
           ^^^^^^^^^^^^^^^^^^^^^^^^^^^^^
  File "/home/airflow/.local/lib/python3.11/site-packages/sqlalchemy/engine/base.py", line 3325, in connect
    return self._connection_cls(self, close_with_result=close_with_result)
           ^^^^^^^^^^^^^^^^^^^^^^^^^^^^^^^^^^^^^^^^^^^^^^^^^^^^^^^^^^^^^^^
  File "/home/airflow/.local/lib/python3.11/site-packages/sqlalchemy/engine/base.py", line 96, in __init__
    else engine.raw_connection()
         ^^^^^^^^^^^^^^^^^^^^^^^
  File "/home/airflow/.local/lib/python3.11/site-packages/sqlalchemy/engine/base.py", line 3404, in raw_connection
    return self._wrap_pool_connect(self.pool.connect, _connection)
           ^^^^^^^^^^^^^^^^^^^^^^^^^^^^^^^^^^^^^^^^^^^^^^^^^^^^^^^
  File "/home/airflow/.local/lib/python3.11/site-packages/sqlalchemy/engine/base.py", line 3374, in _wrap_pool_connect
    Connection._handle_dbapi_exception_noconnection(
  File "/home/airflow/.local/lib/python3.11/site-packages/sqlalchemy/engine/base.py", line 2208, in _handle_dbapi_exception_noconnection
    util.raise_(
  File "/home/airflow/.local/lib/python3.11/site-packages/sqlalchemy/util/compat.py", line 211, in raise_
    raise exception
  File "/home/airflow/.local/lib/python3.11/site-packages/sqlalchemy/engine/base.py", line 3371, in _wrap_pool_connect
    return fn()
           ^^^^
  File "/home/airflow/.local/lib/python3.11/site-packages/sqlalchemy/pool/base.py", line 327, in connect
    return _ConnectionFairy._checkout(self)
           ^^^^^^^^^^^^^^^^^^^^^^^^^^^^^^^^
  File "/home/airflow/.local/lib/python3.11/site-packages/sqlalchemy/pool/base.py", line 894, in _checkout
    fairy = _ConnectionRecord.checkout(pool)
            ^^^^^^^^^^^^^^^^^^^^^^^^^^^^^^^^
  File "/home/airflow/.local/lib/python3.11/site-packages/sqlalchemy/pool/base.py", line 493, in checkout
    rec = pool._do_get()
          ^^^^^^^^^^^^^^
  File "/home/airflow/.local/lib/python3.11/site-packages/sqlalchemy/pool/impl.py", line 256, in _do_get
    return self._create_connection()
           ^^^^^^^^^^^^^^^^^^^^^^^^^
  File "/home/airflow/.local/lib/python3.11/site-packages/sqlalchemy/pool/base.py", line 273, in _create_connection
    return _ConnectionRecord(self)
           ^^^^^^^^^^^^^^^^^^^^^^^
  File "/home/airflow/.local/lib/python3.11/site-packages/sqlalchemy/pool/base.py", line 388, in __init__
    self.__connect()
  File "/home/airflow/.local/lib/python3.11/site-packages/sqlalchemy/pool/base.py", line 690, in __connect
    with util.safe_reraise():
  File "/home/airflow/.local/lib/python3.11/site-packages/sqlalchemy/util/langhelpers.py", line 70, in __exit__
    compat.raise_(
  File "/home/airflow/.local/lib/python3.11/site-packages/sqlalchemy/util/compat.py", line 211, in raise_
    raise exception
  File "/home/airflow/.local/lib/python3.11/site-packages/sqlalchemy/pool/base.py", line 686, in __connect
    self.dbapi_connection = connection = pool._invoke_creator(self)
                                         ^^^^^^^^^^^^^^^^^^^^^^^^^^
  File "/home/airflow/.local/lib/python3.11/site-packages/sqlalchemy/engine/create.py", line 574, in connect
    return dialect.connect(*cargs, **cparams)
           ^^^^^^^^^^^^^^^^^^^^^^^^^^^^^^^^^^
  File "/home/airflow/.local/lib/python3.11/site-packages/sqlalchemy/engine/default.py", line 598, in connect
    return self.dbapi.connect(*cargs, **cparams)
           ^^^^^^^^^^^^^^^^^^^^^^^^^^^^^^^^^^^^^
  File "/home/airflow/.local/lib/python3.11/site-packages/psycopg2/__init__.py", line 122, in connect
    conn = _connect(dsn, connection_factory=connection_factory, **kwasync)
           ^^^^^^^^^^^^^^^^^^^^^^^^^^^^^^^^^^^^^^^^^^^^^^^^^^^^^^^^^^^^^^^
sqlalchemy.exc.OperationalError: (psycopg2.OperationalError) connection to server at "***-postgres" (172.18.0.5), port 5432 failed: Connection refused
	Is the server running on that host and accepting TCP/IP connections?

(Background on this error at: https://sqlalche.me/e/14/e3q8)
