[2026-01-13T08:52:14.472+0000] {local_task_job_runner.py:120} INFO - ::group::Pre task execution logs
[2026-01-13T08:52:14.484+0000] {taskinstance.py:2076} INFO - Dependencies all met for dep_context=non-requeueable deps ti=<TaskInstance: SCD2_snapshots.dbt_snapshot scheduled__2026-01-12T00:00:00+00:00 [queued]>
[2026-01-13T08:52:14.488+0000] {taskinstance.py:2076} INFO - Dependencies all met for dep_context=requeueable deps ti=<TaskInstance: SCD2_snapshots.dbt_snapshot scheduled__2026-01-12T00:00:00+00:00 [queued]>
[2026-01-13T08:52:14.488+0000] {taskinstance.py:2306} INFO - Starting attempt 2 of 2
[2026-01-13T08:52:14.493+0000] {taskinstance.py:2330} INFO - Executing <Task(BashOperator): dbt_snapshot> on 2026-01-12 00:00:00+00:00
[2026-01-13T08:52:14.495+0000] {standard_task_runner.py:64} INFO - Started process 84224 to run task
[2026-01-13T08:52:14.497+0000] {standard_task_runner.py:90} INFO - Running: ['***', 'tasks', 'run', 'SCD2_snapshots', 'dbt_snapshot', 'scheduled__2026-01-12T00:00:00+00:00', '--job-id', '205', '--raw', '--subdir', 'DAGS_FOLDER/scd_snapshot.py', '--cfg-path', '/tmp/tmpenjyyk5m']
[2026-01-13T08:52:14.498+0000] {standard_task_runner.py:91} INFO - Job 205: Subtask dbt_snapshot
[2026-01-13T08:52:14.521+0000] {task_command.py:426} INFO - Running <TaskInstance: SCD2_snapshots.dbt_snapshot scheduled__2026-01-12T00:00:00+00:00 [running]> on host 59a9472814dd
[2026-01-13T08:52:14.553+0000] {taskinstance.py:2648} INFO - Exporting env vars: AIRFLOW_CTX_DAG_OWNER='***' AIRFLOW_CTX_DAG_ID='SCD2_snapshots' AIRFLOW_CTX_TASK_ID='dbt_snapshot' AIRFLOW_CTX_EXECUTION_DATE='2026-01-12T00:00:00+00:00' AIRFLOW_CTX_TRY_NUMBER='2' AIRFLOW_CTX_DAG_RUN_ID='scheduled__2026-01-12T00:00:00+00:00'
[2026-01-13T08:52:14.554+0000] {taskinstance.py:430} INFO - ::endgroup::
[2026-01-13T08:52:14.560+0000] {subprocess.py:63} INFO - Tmp dir root location: /tmp
[2026-01-13T08:52:14.561+0000] {subprocess.py:75} INFO - Running command: ['/usr/bin/bash', '-c', 'source /Users/iantristancultura/Documents/Data Engineer/Kafka-DBT-SnowFlake-Airflow/.venv/bin/activate && cd /Users/iantristancultura/Documents/Data Engineer/Kafka-DBT-SnowFlake-Airflow/ian_dbt && dbt snapshot --profiles-dir /Users/iantristancultura/.dbt']
[2026-01-13T08:52:14.565+0000] {subprocess.py:86} INFO - Output:
[2026-01-13T08:52:14.567+0000] {subprocess.py:93} INFO - /usr/bin/bash: line 1: /Users/iantristancultura/Documents/Data: No such file or directory
[2026-01-13T08:52:14.568+0000] {subprocess.py:97} INFO - Command exited with return code 1
[2026-01-13T08:52:14.568+0000] {taskinstance.py:441} INFO - ::group::Post task execution logs
[2026-01-13T08:52:14.577+0000] {taskinstance.py:2905} ERROR - Task failed with exception
Traceback (most recent call last):
  File "/home/airflow/.local/lib/python3.11/site-packages/airflow/models/taskinstance.py", line 465, in _execute_task
    result = _execute_callable(context=context, **execute_callable_kwargs)
             ^^^^^^^^^^^^^^^^^^^^^^^^^^^^^^^^^^^^^^^^^^^^^^^^^^^^^^^^^^^^^
  File "/home/airflow/.local/lib/python3.11/site-packages/airflow/models/taskinstance.py", line 432, in _execute_callable
    return execute_callable(context=context, **execute_callable_kwargs)
           ^^^^^^^^^^^^^^^^^^^^^^^^^^^^^^^^^^^^^^^^^^^^^^^^^^^^^^^^^^^^
  File "/home/airflow/.local/lib/python3.11/site-packages/airflow/models/baseoperator.py", line 401, in wrapper
    return func(self, *args, **kwargs)
           ^^^^^^^^^^^^^^^^^^^^^^^^^^^
  File "/home/airflow/.local/lib/python3.11/site-packages/airflow/operators/bash.py", line 243, in execute
    raise AirflowException(
airflow.exceptions.AirflowException: Bash command failed. The command returned a non-zero exit code 1.
[2026-01-13T08:52:14.579+0000] {taskinstance.py:1206} INFO - Marking task as FAILED. dag_id=SCD2_snapshots, task_id=dbt_snapshot, run_id=scheduled__2026-01-12T00:00:00+00:00, execution_date=20260112T000000, start_date=20260113T085214, end_date=20260113T085214
[2026-01-13T08:52:14.583+0000] {standard_task_runner.py:110} ERROR - Failed to execute job 205 for task dbt_snapshot (Bash command failed. The command returned a non-zero exit code 1.; 84224)
[2026-01-13T08:52:14.595+0000] {local_task_job_runner.py:243} INFO - Task exited with return code 1
[2026-01-13T08:52:14.605+0000] {taskinstance.py:3503} INFO - 0 downstream tasks scheduled from follow-on schedule check
[2026-01-13T08:52:14.606+0000] {local_task_job_runner.py:222} INFO - ::endgroup::
