[2026-01-13T04:07:08.233+0000] {local_task_job_runner.py:120} INFO - ::group::Pre task execution logs
[2026-01-13T04:07:08.246+0000] {taskinstance.py:2076} INFO - Dependencies all met for dep_context=non-requeueable deps ti=<TaskInstance: minio_to_snowflake_banking.load_snowflake scheduled__2026-01-13T04:06:00+00:00 [queued]>
[2026-01-13T04:07:08.249+0000] {taskinstance.py:2076} INFO - Dependencies all met for dep_context=requeueable deps ti=<TaskInstance: minio_to_snowflake_banking.load_snowflake scheduled__2026-01-13T04:06:00+00:00 [queued]>
[2026-01-13T04:07:08.249+0000] {taskinstance.py:2306} INFO - Starting attempt 1 of 2
[2026-01-13T04:07:08.253+0000] {taskinstance.py:2330} INFO - Executing <Task(PythonOperator): load_snowflake> on 2026-01-13 04:06:00+00:00
[2026-01-13T04:07:08.256+0000] {standard_task_runner.py:64} INFO - Started process 40680 to run task
[2026-01-13T04:07:08.258+0000] {standard_task_runner.py:90} INFO - Running: ['***', 'tasks', 'run', 'minio_to_snowflake_banking', 'load_snowflake', 'scheduled__2026-01-13T04:06:00+00:00', '--job-id', '42', '--raw', '--subdir', 'DAGS_FOLDER/miniotoSnowflake.py', '--cfg-path', '/tmp/tmpu4txe2mp']
[2026-01-13T04:07:08.259+0000] {standard_task_runner.py:91} INFO - Job 42: Subtask load_snowflake
[2026-01-13T04:07:08.282+0000] {task_command.py:426} INFO - Running <TaskInstance: minio_to_snowflake_banking.load_snowflake scheduled__2026-01-13T04:06:00+00:00 [running]> on host 59a9472814dd
[2026-01-13T04:07:08.316+0000] {taskinstance.py:2648} INFO - Exporting env vars: AIRFLOW_CTX_DAG_OWNER='***' AIRFLOW_CTX_DAG_ID='minio_to_snowflake_banking' AIRFLOW_CTX_TASK_ID='load_snowflake' AIRFLOW_CTX_EXECUTION_DATE='2026-01-13T04:06:00+00:00' AIRFLOW_CTX_TRY_NUMBER='1' AIRFLOW_CTX_DAG_RUN_ID='scheduled__2026-01-13T04:06:00+00:00'
[2026-01-13T04:07:08.317+0000] {taskinstance.py:430} INFO - ::endgroup::
[2026-01-13T04:07:08.327+0000] {connection.py:611} INFO - Snowflake Connector for Python Version: 4.2.0, Python Version: 3.11.9, Platform: Linux-6.12.54-linuxkit-aarch64-with-glibc2.36
[2026-01-13T04:07:08.328+0000] {connection.py:1695} INFO - Connecting to GLOBAL Snowflake domain
[2026-01-13T04:07:08.633+0000] {taskinstance.py:441} INFO - ::group::Post task execution logs
[2026-01-13T04:07:08.633+0000] {taskinstance.py:2905} ERROR - Task failed with exception
Traceback (most recent call last):
  File "/home/airflow/.local/lib/python3.11/site-packages/airflow/models/taskinstance.py", line 465, in _execute_task
    result = _execute_callable(context=context, **execute_callable_kwargs)
             ^^^^^^^^^^^^^^^^^^^^^^^^^^^^^^^^^^^^^^^^^^^^^^^^^^^^^^^^^^^^^
  File "/home/airflow/.local/lib/python3.11/site-packages/airflow/models/taskinstance.py", line 432, in _execute_callable
    return execute_callable(context=context, **execute_callable_kwargs)
           ^^^^^^^^^^^^^^^^^^^^^^^^^^^^^^^^^^^^^^^^^^^^^^^^^^^^^^^^^^^^
  File "/home/airflow/.local/lib/python3.11/site-packages/airflow/models/baseoperator.py", line 401, in wrapper
    return func(self, *args, **kwargs)
           ^^^^^^^^^^^^^^^^^^^^^^^^^^^
  File "/home/airflow/.local/lib/python3.11/site-packages/airflow/operators/python.py", line 235, in execute
    return_value = self.execute_callable()
                   ^^^^^^^^^^^^^^^^^^^^^^^
  File "/home/airflow/.local/lib/python3.11/site-packages/airflow/operators/python.py", line 252, in execute_callable
    return self.python_callable(*self.op_args, **self.op_kwargs)
           ^^^^^^^^^^^^^^^^^^^^^^^^^^^^^^^^^^^^^^^^^^^^^^^^^^^^^
  File "/opt/airflow/dags/miniotoSnowflake.py", line 58, in load_to_snowflake
    conn = snowflake.connector.connect(
           ^^^^^^^^^^^^^^^^^^^^^^^^^^^^
  File "/home/airflow/.local/lib/python3.11/site-packages/snowflake/connector/__init__.py", line 64, in Connect
    return SnowflakeConnection(**kwargs)
           ^^^^^^^^^^^^^^^^^^^^^^^^^^^^^
  File "/home/airflow/.local/lib/python3.11/site-packages/snowflake/connector/connection.py", line 679, in __init__
    self.connect(**kwargs)
  File "/home/airflow/.local/lib/python3.11/site-packages/snowflake/connector/connection.py", line 1174, in connect
    self.__open_connection()
  File "/home/airflow/.local/lib/python3.11/site-packages/snowflake/connector/connection.py", line 1602, in __open_connection
    self.authenticate_with_retry(self.auth_class)
  File "/home/airflow/.local/lib/python3.11/site-packages/snowflake/connector/connection.py", line 1938, in authenticate_with_retry
    self._authenticate(auth_instance)
  File "/home/airflow/.local/lib/python3.11/site-packages/snowflake/connector/connection.py", line 1970, in _authenticate
    auth.authenticate(
  File "/home/airflow/.local/lib/python3.11/site-packages/snowflake/connector/auth/_auth.py", line 442, in authenticate
    Error.errorhandler_wrapper(
  File "/home/airflow/.local/lib/python3.11/site-packages/snowflake/connector/errors.py", line 298, in errorhandler_wrapper
    handed_over = Error.hand_to_other_handler(
                  ^^^^^^^^^^^^^^^^^^^^^^^^^^^^
  File "/home/airflow/.local/lib/python3.11/site-packages/snowflake/connector/errors.py", line 361, in hand_to_other_handler
    connection.errorhandler(connection, cursor, error_class, error_value)
  File "/home/airflow/.local/lib/python3.11/site-packages/snowflake/connector/errors.py", line 229, in default_errorhandler
    raise error_class(
snowflake.connector.errors.DatabaseError: 250001 (08001): None: Failed to connect to DB: vg43388.ap-southeast-1.snowflakecomputing.com:443. Your user account has been temporarily locked. Try again later or contact your account administrator for assistance. For more information about this error, go to https://community.snowflake.com/s/error-your-user-login-has-been-locked.
[2026-01-13T04:07:08.642+0000] {taskinstance.py:1206} INFO - Marking task as UP_FOR_RETRY. dag_id=minio_to_snowflake_banking, task_id=load_snowflake, run_id=scheduled__2026-01-13T04:06:00+00:00, execution_date=20260113T040600, start_date=20260113T040708, end_date=20260113T040708
[2026-01-13T04:07:08.648+0000] {standard_task_runner.py:110} ERROR - Failed to execute job 42 for task load_snowflake (250001 (08001): None: Failed to connect to DB: vg43388.ap-southeast-1.snowflakecomputing.com:443. Your user account has been temporarily locked. Try again later or contact your account administrator for assistance. For more information about this error, go to https://community.snowflake.com/s/error-your-user-login-has-been-locked.; 40680)
[2026-01-13T04:07:08.687+0000] {local_task_job_runner.py:243} INFO - Task exited with return code 1
[2026-01-13T04:07:08.698+0000] {taskinstance.py:3503} INFO - 0 downstream tasks scheduled from follow-on schedule check
[2026-01-13T04:07:08.699+0000] {local_task_job_runner.py:222} INFO - ::endgroup::
