[2026-01-13T08:52:15.921+0000] {local_task_job_runner.py:120} INFO - ::group::Pre task execution logs
[2026-01-13T08:52:15.935+0000] {taskinstance.py:2076} INFO - Dependencies all met for dep_context=non-requeueable deps ti=<TaskInstance: SCD2_snapshots.dbt_snapshot manual__2026-01-13T08:47:27.603387+00:00 [queued]>
[2026-01-13T08:52:15.939+0000] {taskinstance.py:2076} INFO - Dependencies all met for dep_context=requeueable deps ti=<TaskInstance: SCD2_snapshots.dbt_snapshot manual__2026-01-13T08:47:27.603387+00:00 [queued]>
[2026-01-13T08:52:15.939+0000] {taskinstance.py:2306} INFO - Starting attempt 2 of 2
[2026-01-13T08:52:15.944+0000] {taskinstance.py:2330} INFO - Executing <Task(BashOperator): dbt_snapshot> on 2026-01-13 08:47:27.603387+00:00
[2026-01-13T08:52:15.947+0000] {standard_task_runner.py:64} INFO - Started process 84234 to run task
[2026-01-13T08:52:15.948+0000] {standard_task_runner.py:90} INFO - Running: ['***', 'tasks', 'run', 'SCD2_snapshots', 'dbt_snapshot', 'manual__2026-01-13T08:47:27.603387+00:00', '--job-id', '206', '--raw', '--subdir', 'DAGS_FOLDER/scd_snapshot.py', '--cfg-path', '/tmp/tmp773347r0']
[2026-01-13T08:52:15.950+0000] {standard_task_runner.py:91} INFO - Job 206: Subtask dbt_snapshot
[2026-01-13T08:52:15.971+0000] {task_command.py:426} INFO - Running <TaskInstance: SCD2_snapshots.dbt_snapshot manual__2026-01-13T08:47:27.603387+00:00 [running]> on host 59a9472814dd
[2026-01-13T08:52:16.002+0000] {taskinstance.py:2648} INFO - Exporting env vars: AIRFLOW_CTX_DAG_OWNER='***' AIRFLOW_CTX_DAG_ID='SCD2_snapshots' AIRFLOW_CTX_TASK_ID='dbt_snapshot' AIRFLOW_CTX_EXECUTION_DATE='2026-01-13T08:47:27.603387+00:00' AIRFLOW_CTX_TRY_NUMBER='2' AIRFLOW_CTX_DAG_RUN_ID='manual__2026-01-13T08:47:27.603387+00:00'
[2026-01-13T08:52:16.002+0000] {taskinstance.py:430} INFO - ::endgroup::
[2026-01-13T08:52:16.008+0000] {subprocess.py:63} INFO - Tmp dir root location: /tmp
[2026-01-13T08:52:16.009+0000] {subprocess.py:75} INFO - Running command: ['/usr/bin/bash', '-c', 'source /Users/iantristancultura/Documents/Data Engineer/Kafka-DBT-SnowFlake-Airflow/.venv/bin/activate && cd /Users/iantristancultura/Documents/Data Engineer/Kafka-DBT-SnowFlake-Airflow/ian_dbt && dbt snapshot --profiles-dir /Users/iantristancultura/.dbt']
[2026-01-13T08:52:16.012+0000] {subprocess.py:86} INFO - Output:
[2026-01-13T08:52:16.013+0000] {subprocess.py:93} INFO - /usr/bin/bash: line 1: /Users/iantristancultura/Documents/Data: No such file or directory
[2026-01-13T08:52:16.013+0000] {subprocess.py:97} INFO - Command exited with return code 1
[2026-01-13T08:52:16.014+0000] {taskinstance.py:441} INFO - ::group::Post task execution logs
[2026-01-13T08:52:16.019+0000] {taskinstance.py:2905} ERROR - Task failed with exception
Traceback (most recent call last):
  File "/home/airflow/.local/lib/python3.11/site-packages/airflow/models/taskinstance.py", line 465, in _execute_task
    result = _execute_callable(context=context, **execute_callable_kwargs)
             ^^^^^^^^^^^^^^^^^^^^^^^^^^^^^^^^^^^^^^^^^^^^^^^^^^^^^^^^^^^^^
  File "/home/airflow/.local/lib/python3.11/site-packages/airflow/models/taskinstance.py", line 432, in _execute_callable
    return execute_callable(context=context, **execute_callable_kwargs)
           ^^^^^^^^^^^^^^^^^^^^^^^^^^^^^^^^^^^^^^^^^^^^^^^^^^^^^^^^^^^^
  File "/home/airflow/.local/lib/python3.11/site-packages/airflow/models/baseoperator.py", line 401, in wrapper
    return func(self, *args, **kwargs)
           ^^^^^^^^^^^^^^^^^^^^^^^^^^^
  File "/home/airflow/.local/lib/python3.11/site-packages/airflow/operators/bash.py", line 243, in execute
    raise AirflowException(
airflow.exceptions.AirflowException: Bash command failed. The command returned a non-zero exit code 1.
[2026-01-13T08:52:16.020+0000] {taskinstance.py:1206} INFO - Marking task as FAILED. dag_id=SCD2_snapshots, task_id=dbt_snapshot, run_id=manual__2026-01-13T08:47:27.603387+00:00, execution_date=20260113T084727, start_date=20260113T085215, end_date=20260113T085216
[2026-01-13T08:52:16.025+0000] {standard_task_runner.py:110} ERROR - Failed to execute job 206 for task dbt_snapshot (Bash command failed. The command returned a non-zero exit code 1.; 84234)
[2026-01-13T08:52:16.047+0000] {local_task_job_runner.py:243} INFO - Task exited with return code 1
[2026-01-13T08:52:16.057+0000] {taskinstance.py:3503} INFO - 0 downstream tasks scheduled from follow-on schedule check
[2026-01-13T08:52:16.058+0000] {local_task_job_runner.py:222} INFO - ::endgroup::
