[2026-01-13T08:48:53.196+0000] {local_task_job_runner.py:120} INFO - ::group::Pre task execution logs
[2026-01-13T08:48:53.208+0000] {taskinstance.py:2076} INFO - Dependencies all met for dep_context=non-requeueable deps ti=<TaskInstance: SCD2_snapshots.dbt_snapshot manual__2026-01-13T08:47:27.603387+00:00 [queued]>
[2026-01-13T08:48:53.211+0000] {taskinstance.py:2076} INFO - Dependencies all met for dep_context=requeueable deps ti=<TaskInstance: SCD2_snapshots.dbt_snapshot manual__2026-01-13T08:47:27.603387+00:00 [queued]>
[2026-01-13T08:48:53.211+0000] {taskinstance.py:2306} INFO - Starting attempt 1 of 2
[2026-01-13T08:48:53.216+0000] {taskinstance.py:2330} INFO - Executing <Task(BashOperator): dbt_snapshot> on 2026-01-13 08:47:27.603387+00:00
[2026-01-13T08:48:53.218+0000] {standard_task_runner.py:64} INFO - Started process 82727 to run task
[2026-01-13T08:48:53.219+0000] {standard_task_runner.py:90} INFO - Running: ['***', 'tasks', 'run', 'SCD2_snapshots', 'dbt_snapshot', 'manual__2026-01-13T08:47:27.603387+00:00', '--job-id', '203', '--raw', '--subdir', 'DAGS_FOLDER/scd_snapshot.py', '--cfg-path', '/tmp/tmpq357buax']
[2026-01-13T08:48:53.220+0000] {standard_task_runner.py:91} INFO - Job 203: Subtask dbt_snapshot
[2026-01-13T08:48:53.241+0000] {task_command.py:426} INFO - Running <TaskInstance: SCD2_snapshots.dbt_snapshot manual__2026-01-13T08:47:27.603387+00:00 [running]> on host 59a9472814dd
[2026-01-13T08:48:53.272+0000] {taskinstance.py:2648} INFO - Exporting env vars: AIRFLOW_CTX_DAG_OWNER='***' AIRFLOW_CTX_DAG_ID='SCD2_snapshots' AIRFLOW_CTX_TASK_ID='dbt_snapshot' AIRFLOW_CTX_EXECUTION_DATE='2026-01-13T08:47:27.603387+00:00' AIRFLOW_CTX_TRY_NUMBER='1' AIRFLOW_CTX_DAG_RUN_ID='manual__2026-01-13T08:47:27.603387+00:00'
[2026-01-13T08:48:53.272+0000] {taskinstance.py:430} INFO - ::endgroup::
[2026-01-13T08:48:53.279+0000] {subprocess.py:63} INFO - Tmp dir root location: /tmp
[2026-01-13T08:48:53.280+0000] {subprocess.py:75} INFO - Running command: ['/usr/bin/bash', '-c', 'source /Users/iantristancultura/Documents/Data Engineer/Kafka-DBT-SnowFlake-Airflow/.venv/bin/activate && cd /Users/iantristancultura/Documents/Data Engineer/Kafka-DBT-SnowFlake-Airflow/ian_dbt && dbt snapshot --profiles-dir /Users/iantristancultura/.dbt']
[2026-01-13T08:48:53.283+0000] {subprocess.py:86} INFO - Output:
[2026-01-13T08:48:53.284+0000] {subprocess.py:93} INFO - /usr/bin/bash: line 1: /Users/iantristancultura/Documents/Data: No such file or directory
[2026-01-13T08:48:53.284+0000] {subprocess.py:97} INFO - Command exited with return code 1
[2026-01-13T08:48:53.284+0000] {taskinstance.py:441} INFO - ::group::Post task execution logs
[2026-01-13T08:48:53.289+0000] {taskinstance.py:2905} ERROR - Task failed with exception
Traceback (most recent call last):
  File "/home/airflow/.local/lib/python3.11/site-packages/airflow/models/taskinstance.py", line 465, in _execute_task
    result = _execute_callable(context=context, **execute_callable_kwargs)
             ^^^^^^^^^^^^^^^^^^^^^^^^^^^^^^^^^^^^^^^^^^^^^^^^^^^^^^^^^^^^^
  File "/home/airflow/.local/lib/python3.11/site-packages/airflow/models/taskinstance.py", line 432, in _execute_callable
    return execute_callable(context=context, **execute_callable_kwargs)
           ^^^^^^^^^^^^^^^^^^^^^^^^^^^^^^^^^^^^^^^^^^^^^^^^^^^^^^^^^^^^
  File "/home/airflow/.local/lib/python3.11/site-packages/airflow/models/baseoperator.py", line 401, in wrapper
    return func(self, *args, **kwargs)
           ^^^^^^^^^^^^^^^^^^^^^^^^^^^
  File "/home/airflow/.local/lib/python3.11/site-packages/airflow/operators/bash.py", line 243, in execute
    raise AirflowException(
airflow.exceptions.AirflowException: Bash command failed. The command returned a non-zero exit code 1.
[2026-01-13T08:48:53.291+0000] {taskinstance.py:1206} INFO - Marking task as UP_FOR_RETRY. dag_id=SCD2_snapshots, task_id=dbt_snapshot, run_id=manual__2026-01-13T08:47:27.603387+00:00, execution_date=20260113T084727, start_date=20260113T084853, end_date=20260113T084853
[2026-01-13T08:48:53.295+0000] {standard_task_runner.py:110} ERROR - Failed to execute job 203 for task dbt_snapshot (Bash command failed. The command returned a non-zero exit code 1.; 82727)
[2026-01-13T08:48:53.317+0000] {local_task_job_runner.py:243} INFO - Task exited with return code 1
[2026-01-13T08:48:53.326+0000] {taskinstance.py:3503} INFO - 0 downstream tasks scheduled from follow-on schedule check
[2026-01-13T08:48:53.327+0000] {local_task_job_runner.py:222} INFO - ::endgroup::
